  iter      gem.score      eta.score    gamma.score    total.score   gem.mean  gem.scale    gamma.0    gamma.1      eta.0      eta.1      eta.2
000001           -nan     -21070.127       -273.158           -nan 1.0000e+00 1.0000e+00 1.0000e+00 1.0000e+00 5.0000e-03 5.0000e-03 5.0000e-03
000002           -nan     -19860.553       -274.698           -nan 1.0000e+00 1.0000e+00 1.0000e+00 1.0000e+00 5.0000e-03 5.0000e-03 5.0000e-03
000003           -nan     -19325.004       -270.498           -nan 1.0000e+00 1.0000e+00 1.0000e+00 1.0000e+00 5.0000e-03 5.0000e-03 5.0000e-03
000004           -nan     -18425.013       -270.604           -nan 1.0000e+00 1.0000e+00 1.0000e+00 1.0000e+00 5.0000e-03 5.0000e-03 5.0000e-03
000005           -nan     -16993.478       -269.805           -nan 1.0000e+00 1.0000e+00 1.0000e+00 1.0000e+00 5.0000e-03 5.0000e-03 5.0000e-03
000006           -nan     -16148.099       -263.072           -nan 1.0000e+00 1.0000e+00 1.0000e+00 1.0000e+00 5.0000e-03 5.0000e-03 5.0000e-03
000007           -nan     -15992.657       -262.918           -nan 1.0000e+00 1.0000e+00 1.0000e+00 1.0000e+00 5.0000e-03 5.0000e-03 5.0000e-03
000008           -nan     -16056.179       -262.330           -nan 1.0000e+00 1.0000e+00 1.0000e+00 1.0000e+00 5.0000e-03 5.0000e-03 5.0000e-03
000009           -nan     -15520.656       -262.666           -nan 1.0000e+00 1.0000e+00 1.0000e+00 1.0000e+00 5.0000e-03 5.0000e-03 5.0000e-03
000010           -nan     -14940.693       -261.126           -nan 1.0000e+00 1.0000e+00 1.0000e+00 1.0000e+00 5.0000e-03 5.0000e-03 5.0000e-03
000011           -nan     -14834.634       -262.379           -nan 1.0000e+00 1.0000e+00 1.0000e+00 1.0000e+00 5.0000e-03 5.0000e-03 5.0000e-03
000012           -nan     -14771.290       -261.722           -nan 1.0000e+00 1.0000e+00 1.0000e+00 1.0000e+00 5.0000e-03 5.0000e-03 5.0000e-03
000013           -nan     -14846.391       -261.722           -nan 1.0000e+00 1.0000e+00 1.0000e+00 1.0000e+00 5.0000e-03 5.0000e-03 5.0000e-03
000014           -nan     -14745.637       -261.339           -nan 1.0000e+00 1.0000e+00 1.0000e+00 1.0000e+00 5.0000e-03 5.0000e-03 5.0000e-03
000015           -nan     -14970.358       -255.219           -nan 1.0000e+00 1.0000e+00 1.0000e+00 1.0000e+00 5.0000e-03 5.0000e-03 5.0000e-03
000016           -nan     -14983.040       -254.120           -nan 1.0000e+00 1.0000e+00 1.0000e+00 1.0000e+00 5.0000e-03 5.0000e-03 5.0000e-03
000017           -nan     -14948.028       -252.734           -nan 1.0000e+00 1.0000e+00 1.0000e+00 1.0000e+00 5.0000e-03 5.0000e-03 5.0000e-03
000018           -nan     -15071.927       -252.734           -nan 1.0000e+00 1.0000e+00 1.0000e+00 1.0000e+00 5.0000e-03 5.0000e-03 5.0000e-03
000019           -nan     -15097.460       -252.734           -nan 1.0000e+00 1.0000e+00 1.0000e+00 1.0000e+00 5.0000e-03 5.0000e-03 5.0000e-03
000020           -nan     -15144.736       -252.734           -nan 1.0000e+00 1.0000e+00 1.0000e+00 1.0000e+00 5.0000e-03 5.0000e-03 5.0000e-03
000021           -nan     -15110.687       -256.066           -nan 1.0000e+00 1.0000e+00 1.0000e+00 1.0000e+00 5.0000e-03 5.0000e-03 5.0000e-03
000022           -nan     -15060.634       -256.685           -nan 1.0000e+00 1.0000e+00 1.0000e+00 1.0000e+00 5.0000e-03 5.0000e-03 5.0000e-03
000023           -nan     -15096.802       -257.090           -nan 1.0000e+00 1.0000e+00 1.0000e+00 1.0000e+00 5.0000e-03 5.0000e-03 5.0000e-03
000024           -nan     -15132.715       -256.685           -nan 1.0000e+00 1.0000e+00 1.0000e+00 1.0000e+00 5.0000e-03 5.0000e-03 5.0000e-03
000025           -nan     -15041.680       -257.090           -nan 1.0000e+00 1.0000e+00 1.0000e+00 1.0000e+00 5.0000e-03 5.0000e-03 5.0000e-03
000026           -nan     -15002.522       -256.685           -nan 1.0000e+00 1.0000e+00 1.0000e+00 1.0000e+00 5.0000e-03 5.0000e-03 5.0000e-03
000027           -nan     -15089.093       -256.066           -nan 1.0000e+00 1.0000e+00 1.0000e+00 1.0000e+00 5.0000e-03 5.0000e-03 5.0000e-03
000028           -nan     -15039.662       -255.219           -nan 1.0000e+00 1.0000e+00 1.0000e+00 1.0000e+00 5.0000e-03 5.0000e-03 5.0000e-03
000029           -nan     -15019.699       -254.120           -nan 1.0000e+00 1.0000e+00 1.0000e+00 1.0000e+00 5.0000e-03 5.0000e-03 5.0000e-03
000030           -nan     -14909.670       -254.120           -nan 1.0000e+00 1.0000e+00 1.0000e+00 1.0000e+00 5.0000e-03 5.0000e-03 5.0000e-03
000031           -nan     -14911.746       -252.734           -nan 1.0000e+00 1.0000e+00 1.0000e+00 1.0000e+00 5.0000e-03 5.0000e-03 5.0000e-03
000032           -nan     -14926.378       -248.802           -nan 1.0000e+00 1.0000e+00 1.0000e+00 1.0000e+00 5.0000e-03 5.0000e-03 5.0000e-03
000033           -nan     -14956.556       -245.857           -nan 1.0000e+00 1.0000e+00 1.0000e+00 1.0000e+00 5.0000e-03 5.0000e-03 5.0000e-03
000034           -nan     -14938.922       -245.857           -nan 1.0000e+00 1.0000e+00 1.0000e+00 1.0000e+00 5.0000e-03 5.0000e-03 5.0000e-03
000035           -nan     -15010.928       -245.857           -nan 1.0000e+00 1.0000e+00 1.0000e+00 1.0000e+00 5.0000e-03 5.0000e-03 5.0000e-03
000036           -nan     -14984.847       -245.857           -nan 1.0000e+00 1.0000e+00 1.0000e+00 1.0000e+00 5.0000e-03 5.0000e-03 5.0000e-03
000037           -nan     -14954.858       -245.857           -nan 1.0000e+00 1.0000e+00 1.0000e+00 1.0000e+00 5.0000e-03 5.0000e-03 5.0000e-03
000038           -nan     -14844.225       -245.857           -nan 1.0000e+00 1.0000e+00 1.0000e+00 1.0000e+00 5.0000e-03 5.0000e-03 5.0000e-03
000039           -nan     -14808.428       -245.857           -nan 1.0000e+00 1.0000e+00 1.0000e+00 1.0000e+00 5.0000e-03 5.0000e-03 5.0000e-03
000040           -nan     -14834.501       -245.857           -nan 1.0000e+00 1.0000e+00 1.0000e+00 1.0000e+00 5.0000e-03 5.0000e-03 5.0000e-03
000041           -nan     -14815.766       -245.857           -nan 1.0000e+00 1.0000e+00 1.0000e+00 1.0000e+00 5.0000e-03 5.0000e-03 5.0000e-03
000042           -nan     -15004.714       -245.857           -nan 1.0000e+00 1.0000e+00 1.0000e+00 1.0000e+00 5.0000e-03 5.0000e-03 5.0000e-03
000043           -nan     -14952.164       -245.857           -nan 1.0000e+00 1.0000e+00 1.0000e+00 1.0000e+00 5.0000e-03 5.0000e-03 5.0000e-03
000044           -nan     -15019.158       -245.857           -nan 1.0000e+00 1.0000e+00 1.0000e+00 1.0000e+00 5.0000e-03 5.0000e-03 5.0000e-03
000045           -nan     -14973.406       -245.857           -nan 1.0000e+00 1.0000e+00 1.0000e+00 1.0000e+00 5.0000e-03 5.0000e-03 5.0000e-03
000046           -nan     -15032.269       -245.857           -nan 1.0000e+00 1.0000e+00 1.0000e+00 1.0000e+00 5.0000e-03 5.0000e-03 5.0000e-03
000047           -nan     -15070.078       -245.857           -nan 1.0000e+00 1.0000e+00 1.0000e+00 1.0000e+00 5.0000e-03 5.0000e-03 5.0000e-03
000048           -nan     -15067.544       -245.857           -nan 1.0000e+00 1.0000e+00 1.0000e+00 1.0000e+00 5.0000e-03 5.0000e-03 5.0000e-03
000049           -nan     -15091.620       -245.857           -nan 1.0000e+00 1.0000e+00 1.0000e+00 1.0000e+00 5.0000e-03 5.0000e-03 5.0000e-03
000050           -nan     -15019.957       -245.857           -nan 1.0000e+00 1.0000e+00 1.0000e+00 1.0000e+00 5.0000e-03 5.0000e-03 5.0000e-03
000051           -nan     -14909.194       -245.857           -nan 1.0000e+00 1.0000e+00 1.0000e+00 1.0000e+00 5.0000e-03 5.0000e-03 5.0000e-03
000052           -nan     -14884.077       -245.857           -nan 1.0000e+00 1.0000e+00 1.0000e+00 1.0000e+00 5.0000e-03 5.0000e-03 5.0000e-03
000053           -nan     -15001.216       -245.857           -nan 1.0000e+00 1.0000e+00 1.0000e+00 1.0000e+00 5.0000e-03 5.0000e-03 5.0000e-03
000054           -nan     -14940.196       -245.857           -nan 1.0000e+00 1.0000e+00 1.0000e+00 1.0000e+00 5.0000e-03 5.0000e-03 5.0000e-03
000055           -nan     -15040.382       -245.857           -nan 1.0000e+00 1.0000e+00 1.0000e+00 1.0000e+00 5.0000e-03 5.0000e-03 5.0000e-03
000056           -nan     -15003.171       -245.857           -nan 1.0000e+00 1.0000e+00 1.0000e+00 1.0000e+00 5.0000e-03 5.0000e-03 5.0000e-03
000057           -nan     -14957.564       -245.857           -nan 1.0000e+00 1.0000e+00 1.0000e+00 1.0000e+00 5.0000e-03 5.0000e-03 5.0000e-03
000058           -nan     -14946.117       -245.857           -nan 1.0000e+00 1.0000e+00 1.0000e+00 1.0000e+00 5.0000e-03 5.0000e-03 5.0000e-03
000059           -nan     -14987.851       -245.857           -nan 1.0000e+00 1.0000e+00 1.0000e+00 1.0000e+00 5.0000e-03 5.0000e-03 5.0000e-03
000060           -nan     -14961.646       -245.347           -nan 1.0000e+00 1.0000e+00 1.0000e+00 1.0000e+00 5.0000e-03 5.0000e-03 5.0000e-03
000061           -nan     -14777.572       -245.347           -nan 1.0000e+00 1.0000e+00 1.0000e+00 1.0000e+00 5.0000e-03 5.0000e-03 5.0000e-03
000062           -nan     -14732.365       -245.347           -nan 1.0000e+00 1.0000e+00 1.0000e+00 1.0000e+00 5.0000e-03 5.0000e-03 5.0000e-03
000063           -nan     -14685.906       -245.347           -nan 1.0000e+00 1.0000e+00 1.0000e+00 1.0000e+00 5.0000e-03 5.0000e-03 5.0000e-03
000064           -nan     -14781.565       -245.347           -nan 1.0000e+00 1.0000e+00 1.0000e+00 1.0000e+00 5.0000e-03 5.0000e-03 5.0000e-03
000065           -nan     -14803.994       -245.347           -nan 1.0000e+00 1.0000e+00 1.0000e+00 1.0000e+00 5.0000e-03 5.0000e-03 5.0000e-03
000066           -nan     -14690.520       -245.347           -nan 1.0000e+00 1.0000e+00 1.0000e+00 1.0000e+00 5.0000e-03 5.0000e-03 5.0000e-03
000067           -nan     -14811.458       -245.347           -nan 1.0000e+00 1.0000e+00 1.0000e+00 1.0000e+00 5.0000e-03 5.0000e-03 5.0000e-03
000068           -nan     -14826.249       -245.347           -nan 1.0000e+00 1.0000e+00 1.0000e+00 1.0000e+00 5.0000e-03 5.0000e-03 5.0000e-03
000069           -nan     -14824.397       -245.347           -nan 1.0000e+00 1.0000e+00 1.0000e+00 1.0000e+00 5.0000e-03 5.0000e-03 5.0000e-03
000070           -nan     -14792.892       -245.347           -nan 1.0000e+00 1.0000e+00 1.0000e+00 1.0000e+00 5.0000e-03 5.0000e-03 5.0000e-03
000071           -nan     -14722.395       -244.558           -nan 1.0000e+00 1.0000e+00 1.0000e+00 1.0000e+00 5.0000e-03 5.0000e-03 5.0000e-03
000072           -nan     -14680.804       -244.558           -nan 1.0000e+00 1.0000e+00 1.0000e+00 1.0000e+00 5.0000e-03 5.0000e-03 5.0000e-03
000073           -nan     -14906.918       -244.558           -nan 1.0000e+00 1.0000e+00 1.0000e+00 1.0000e+00 5.0000e-03 5.0000e-03 5.0000e-03
000074           -nan     -14799.077       -244.558           -nan 1.0000e+00 1.0000e+00 1.0000e+00 1.0000e+00 5.0000e-03 5.0000e-03 5.0000e-03
000075           -nan     -14691.183       -244.558           -nan 1.0000e+00 1.0000e+00 1.0000e+00 1.0000e+00 5.0000e-03 5.0000e-03 5.0000e-03
000076           -nan     -14648.670       -244.558           -nan 1.0000e+00 1.0000e+00 1.0000e+00 1.0000e+00 5.0000e-03 5.0000e-03 5.0000e-03
000077           -nan     -14616.682       -244.558           -nan 1.0000e+00 1.0000e+00 1.0000e+00 1.0000e+00 5.0000e-03 5.0000e-03 5.0000e-03
000078           -nan     -14595.239       -244.558           -nan 1.0000e+00 1.0000e+00 1.0000e+00 1.0000e+00 5.0000e-03 5.0000e-03 5.0000e-03
000079           -nan     -14538.684       -244.558           -nan 1.0000e+00 1.0000e+00 1.0000e+00 1.0000e+00 5.0000e-03 5.0000e-03 5.0000e-03
000080           -nan     -14513.546       -244.558           -nan 1.0000e+00 1.0000e+00 1.0000e+00 1.0000e+00 5.0000e-03 5.0000e-03 5.0000e-03
000081           -nan     -14373.798       -244.558           -nan 1.0000e+00 1.0000e+00 1.0000e+00 1.0000e+00 5.0000e-03 5.0000e-03 5.0000e-03
000082           -nan     -14595.174       -244.558           -nan 1.0000e+00 1.0000e+00 1.0000e+00 1.0000e+00 5.0000e-03 5.0000e-03 5.0000e-03
000083           -nan     -14476.900       -244.558           -nan 1.0000e+00 1.0000e+00 1.0000e+00 1.0000e+00 5.0000e-03 5.0000e-03 5.0000e-03
000084           -nan     -14532.443       -244.558           -nan 1.0000e+00 1.0000e+00 1.0000e+00 1.0000e+00 5.0000e-03 5.0000e-03 5.0000e-03
000085           -nan     -14435.569       -244.558           -nan 1.0000e+00 1.0000e+00 1.0000e+00 1.0000e+00 5.0000e-03 5.0000e-03 5.0000e-03
000086           -nan     -14657.652       -244.558           -nan 1.0000e+00 1.0000e+00 1.0000e+00 1.0000e+00 5.0000e-03 5.0000e-03 5.0000e-03
000087           -nan     -14426.592       -244.558           -nan 1.0000e+00 1.0000e+00 1.0000e+00 1.0000e+00 5.0000e-03 5.0000e-03 5.0000e-03
000088           -nan     -14438.552       -244.558           -nan 1.0000e+00 1.0000e+00 1.0000e+00 1.0000e+00 5.0000e-03 5.0000e-03 5.0000e-03
000089           -nan     -14589.239       -244.558           -nan 1.0000e+00 1.0000e+00 1.0000e+00 1.0000e+00 5.0000e-03 5.0000e-03 5.0000e-03
000090           -nan     -14547.423       -244.558           -nan 1.0000e+00 1.0000e+00 1.0000e+00 1.0000e+00 5.0000e-03 5.0000e-03 5.0000e-03
000091           -nan     -14527.915       -244.558           -nan 1.0000e+00 1.0000e+00 1.0000e+00 1.0000e+00 5.0000e-03 5.0000e-03 5.0000e-03
000092           -nan     -14485.093       -244.558           -nan 1.0000e+00 1.0000e+00 1.0000e+00 1.0000e+00 5.0000e-03 5.0000e-03 5.0000e-03
000093           -nan     -14595.277       -244.558           -nan 1.0000e+00 1.0000e+00 1.0000e+00 1.0000e+00 5.0000e-03 5.0000e-03 5.0000e-03
000094           -nan     -14569.275       -244.558           -nan 1.0000e+00 1.0000e+00 1.0000e+00 1.0000e+00 5.0000e-03 5.0000e-03 5.0000e-03
000095           -nan     -14570.008       -244.558           -nan 1.0000e+00 1.0000e+00 1.0000e+00 1.0000e+00 5.0000e-03 5.0000e-03 5.0000e-03
000096           -nan     -14586.202       -244.558           -nan 1.0000e+00 1.0000e+00 1.0000e+00 1.0000e+00 5.0000e-03 5.0000e-03 5.0000e-03
