  iter      gem.score      eta.score    gamma.score    total.score   gem.mean  gem.scale    gamma.0    gamma.1      eta.0      eta.1      eta.2
000001           -nan     -22383.497       -258.782           -nan 1.0000e+00 1.0000e+00 1.0000e+00 1.0000e+00 5.0000e-03 5.0000e-03 5.0000e-03
000002           -nan     -20282.505       -262.965           -nan 1.0000e+00 1.0000e+00 1.0000e+00 1.0000e+00 5.0000e-03 5.0000e-03 5.0000e-03
000003           -nan     -18547.198       -260.019           -nan 1.0000e+00 1.0000e+00 1.0000e+00 1.0000e+00 5.0000e-03 5.0000e-03 5.0000e-03
000004           -nan     -16988.000       -262.253           -nan 1.0000e+00 1.0000e+00 1.0000e+00 1.0000e+00 5.0000e-03 5.0000e-03 5.0000e-03
000005           -nan     -16151.706       -262.253           -nan 1.0000e+00 1.0000e+00 1.0000e+00 1.0000e+00 5.0000e-03 5.0000e-03 5.0000e-03
000006           -nan     -15830.351       -262.253           -nan 1.0000e+00 1.0000e+00 1.0000e+00 1.0000e+00 5.0000e-03 5.0000e-03 5.0000e-03
000007           -nan     -15580.041       -259.798           -nan 1.0000e+00 1.0000e+00 1.0000e+00 1.0000e+00 5.0000e-03 5.0000e-03 5.0000e-03
000008           -nan     -15444.358       -256.772           -nan 1.0000e+00 1.0000e+00 1.0000e+00 1.0000e+00 5.0000e-03 5.0000e-03 5.0000e-03
000009           -nan     -15449.416       -256.772           -nan 1.0000e+00 1.0000e+00 1.0000e+00 1.0000e+00 5.0000e-03 5.0000e-03 5.0000e-03
000010           -nan     -15367.414       -256.772           -nan 1.0000e+00 1.0000e+00 1.0000e+00 1.0000e+00 5.0000e-03 5.0000e-03 5.0000e-03
000011           -nan     -15161.137       -256.772           -nan 1.0000e+00 1.0000e+00 1.0000e+00 1.0000e+00 5.0000e-03 5.0000e-03 5.0000e-03
000012           -nan     -15233.454       -256.772           -nan 1.0000e+00 1.0000e+00 1.0000e+00 1.0000e+00 5.0000e-03 5.0000e-03 5.0000e-03
000013           -nan     -15337.852       -256.772           -nan 1.0000e+00 1.0000e+00 1.0000e+00 1.0000e+00 5.0000e-03 5.0000e-03 5.0000e-03
000014           -nan     -15241.389       -256.772           -nan 1.0000e+00 1.0000e+00 1.0000e+00 1.0000e+00 5.0000e-03 5.0000e-03 5.0000e-03
000015           -nan     -15375.948       -256.772           -nan 1.0000e+00 1.0000e+00 1.0000e+00 1.0000e+00 5.0000e-03 5.0000e-03 5.0000e-03
000016           -nan     -15369.940       -256.772           -nan 1.0000e+00 1.0000e+00 1.0000e+00 1.0000e+00 5.0000e-03 5.0000e-03 5.0000e-03
000017           -nan     -15380.009       -256.772           -nan 1.0000e+00 1.0000e+00 1.0000e+00 1.0000e+00 5.0000e-03 5.0000e-03 5.0000e-03
000018           -nan     -15431.194       -256.772           -nan 1.0000e+00 1.0000e+00 1.0000e+00 1.0000e+00 5.0000e-03 5.0000e-03 5.0000e-03
000019           -nan     -15282.392       -256.772           -nan 1.0000e+00 1.0000e+00 1.0000e+00 1.0000e+00 5.0000e-03 5.0000e-03 5.0000e-03
000020           -nan     -15349.546       -256.772           -nan 1.0000e+00 1.0000e+00 1.0000e+00 1.0000e+00 5.0000e-03 5.0000e-03 5.0000e-03
000021           -nan     -15073.201       -256.772           -nan 1.0000e+00 1.0000e+00 1.0000e+00 1.0000e+00 5.0000e-03 5.0000e-03 5.0000e-03
000022           -nan     -15101.104       -256.772           -nan 1.0000e+00 1.0000e+00 1.0000e+00 1.0000e+00 5.0000e-03 5.0000e-03 5.0000e-03
000023           -nan     -15262.856       -256.772           -nan 1.0000e+00 1.0000e+00 1.0000e+00 1.0000e+00 5.0000e-03 5.0000e-03 5.0000e-03
000024           -nan     -15320.566       -256.772           -nan 1.0000e+00 1.0000e+00 1.0000e+00 1.0000e+00 5.0000e-03 5.0000e-03 5.0000e-03
000025           -nan     -15302.083       -256.772           -nan 1.0000e+00 1.0000e+00 1.0000e+00 1.0000e+00 5.0000e-03 5.0000e-03 5.0000e-03
000026           -nan     -15369.444       -256.772           -nan 1.0000e+00 1.0000e+00 1.0000e+00 1.0000e+00 5.0000e-03 5.0000e-03 5.0000e-03
000027           -nan     -15484.034       -256.772           -nan 1.0000e+00 1.0000e+00 1.0000e+00 1.0000e+00 5.0000e-03 5.0000e-03 5.0000e-03
000028           -nan     -15438.331       -256.772           -nan 1.0000e+00 1.0000e+00 1.0000e+00 1.0000e+00 5.0000e-03 5.0000e-03 5.0000e-03
000029           -nan     -15431.533       -256.772           -nan 1.0000e+00 1.0000e+00 1.0000e+00 1.0000e+00 5.0000e-03 5.0000e-03 5.0000e-03
000030           -nan     -15302.342       -256.772           -nan 1.0000e+00 1.0000e+00 1.0000e+00 1.0000e+00 5.0000e-03 5.0000e-03 5.0000e-03
000031           -nan     -15278.962       -256.772           -nan 1.0000e+00 1.0000e+00 1.0000e+00 1.0000e+00 5.0000e-03 5.0000e-03 5.0000e-03
000032           -nan     -15220.533       -256.772           -nan 1.0000e+00 1.0000e+00 1.0000e+00 1.0000e+00 5.0000e-03 5.0000e-03 5.0000e-03
000033           -nan     -15207.046       -256.772           -nan 1.0000e+00 1.0000e+00 1.0000e+00 1.0000e+00 5.0000e-03 5.0000e-03 5.0000e-03
000034           -nan     -15188.509       -256.772           -nan 1.0000e+00 1.0000e+00 1.0000e+00 1.0000e+00 5.0000e-03 5.0000e-03 5.0000e-03
000035           -nan     -15246.427       -256.772           -nan 1.0000e+00 1.0000e+00 1.0000e+00 1.0000e+00 5.0000e-03 5.0000e-03 5.0000e-03
000036           -nan     -15310.660       -256.772           -nan 1.0000e+00 1.0000e+00 1.0000e+00 1.0000e+00 5.0000e-03 5.0000e-03 5.0000e-03
