  iter      gem.score      eta.score    gamma.score    total.score   gem.mean  gem.scale    gamma.0    gamma.1      eta.0      eta.1      eta.2
000001     -25080.909     -46252.321       -252.679     -71585.909 3.5000e-01 1.0000e+02 5.0000e-01 5.0000e-01 1.0000e+00 5.0000e-01 2.5000e-01
000002     -25262.745     -45209.650       -253.373     -70725.768 3.5000e-01 1.0000e+02 5.0000e-01 5.0000e-01 1.0000e+00 5.0000e-01 2.5000e-01
000003     -25329.141     -45088.491       -253.373     -70671.006 3.5000e-01 1.0000e+02 5.0000e-01 5.0000e-01 1.0000e+00 5.0000e-01 2.5000e-01
000004     -25467.287     -44461.106       -253.359     -70181.752 3.5000e-01 1.0000e+02 5.0000e-01 5.0000e-01 1.0000e+00 5.0000e-01 2.5000e-01
000005     -25434.215     -44339.059       -253.359     -70026.633 3.5000e-01 1.0000e+02 5.0000e-01 5.0000e-01 1.0000e+00 5.0000e-01 2.5000e-01
000006     -25506.072     -44512.350       -253.359     -70271.782 3.5000e-01 1.0000e+02 5.0000e-01 5.0000e-01 1.0000e+00 5.0000e-01 2.5000e-01
000007     -25568.865     -44308.334       -253.359     -70130.558 3.5000e-01 1.0000e+02 5.0000e-01 5.0000e-01 1.0000e+00 5.0000e-01 2.5000e-01
000008     -25464.581     -44171.258       -253.359     -69889.197 3.5000e-01 1.0000e+02 5.0000e-01 5.0000e-01 1.0000e+00 5.0000e-01 2.5000e-01
000009     -25691.393     -44111.891       -253.359     -70056.643 3.5000e-01 1.0000e+02 5.0000e-01 5.0000e-01 1.0000e+00 5.0000e-01 2.5000e-01
000010     -25652.604     -44032.500       -253.359     -69938.463 3.5000e-01 1.0000e+02 5.0000e-01 5.0000e-01 1.0000e+00 5.0000e-01 2.5000e-01
000011     -25586.247     -43966.640       -253.359     -69806.246 3.5000e-01 1.0000e+02 5.0000e-01 5.0000e-01 1.0000e+00 5.0000e-01 2.5000e-01
000012     -25471.780     -43857.084       -253.359     -69582.223 3.5000e-01 1.0000e+02 5.0000e-01 5.0000e-01 1.0000e+00 5.0000e-01 2.5000e-01
000013     -25467.588     -43586.612       -253.359     -69307.560 3.5000e-01 1.0000e+02 5.0000e-01 5.0000e-01 1.0000e+00 5.0000e-01 2.5000e-01
000014     -25429.054     -43186.048       -253.359     -68868.462 3.5000e-01 1.0000e+02 5.0000e-01 5.0000e-01 1.0000e+00 5.0000e-01 2.5000e-01
000015     -25608.303     -43181.350       -253.359     -69043.012 3.5000e-01 1.0000e+02 5.0000e-01 5.0000e-01 1.0000e+00 5.0000e-01 2.5000e-01
000016     -25583.719     -43230.532       -253.359     -69067.610 3.5000e-01 1.0000e+02 5.0000e-01 5.0000e-01 1.0000e+00 5.0000e-01 2.5000e-01
000017     -25694.747     -43162.068       -253.359     -69110.174 3.5000e-01 1.0000e+02 5.0000e-01 5.0000e-01 1.0000e+00 5.0000e-01 2.5000e-01
000018     -25659.208     -43160.348       -253.359     -69072.915 3.5000e-01 1.0000e+02 5.0000e-01 5.0000e-01 1.0000e+00 5.0000e-01 2.5000e-01
000019     -25582.452     -43354.653       -253.359     -69190.463 3.5000e-01 1.0000e+02 5.0000e-01 5.0000e-01 1.0000e+00 5.0000e-01 2.5000e-01
000020     -25544.531     -43537.106       -253.359     -69334.996 3.5000e-01 1.0000e+02 5.0000e-01 5.0000e-01 1.0000e+00 5.0000e-01 2.5000e-01
000021     -25718.833     -43837.582       -256.221     -69812.635 3.5000e-01 1.0000e+02 5.0000e-01 5.0000e-01 1.0000e+00 5.0000e-01 2.5000e-01
000022     -25939.255     -44057.856       -256.221     -70253.331 3.5000e-01 1.0000e+02 5.0000e-01 5.0000e-01 1.0000e+00 5.0000e-01 2.5000e-01
000023     -25892.152     -44015.221       -256.221     -70163.593 3.5000e-01 1.0000e+02 5.0000e-01 5.0000e-01 1.0000e+00 5.0000e-01 2.5000e-01
000024     -26057.084     -43774.083       -256.221     -70087.387 3.5000e-01 1.0000e+02 5.0000e-01 5.0000e-01 1.0000e+00 5.0000e-01 2.5000e-01
000025     -26089.671     -43869.754       -254.847     -70214.272 3.5000e-01 1.0000e+02 5.0000e-01 5.0000e-01 1.0000e+00 5.0000e-01 2.5000e-01
000026     -25929.335     -43659.069       -254.847     -69843.252 3.5000e-01 1.0000e+02 5.0000e-01 5.0000e-01 1.0000e+00 5.0000e-01 2.5000e-01
000027     -26000.571     -43508.337       -254.847     -69763.755 3.5000e-01 1.0000e+02 5.0000e-01 5.0000e-01 1.0000e+00 5.0000e-01 2.5000e-01
000028     -26133.185     -43190.504       -254.847     -69578.536 3.5000e-01 1.0000e+02 5.0000e-01 5.0000e-01 1.0000e+00 5.0000e-01 2.5000e-01
000029     -26161.168     -43432.245       -254.847     -69848.260 3.5000e-01 1.0000e+02 5.0000e-01 5.0000e-01 1.0000e+00 5.0000e-01 2.5000e-01
000030     -26100.425     -43332.253       -254.847     -69687.525 3.5000e-01 1.0000e+02 5.0000e-01 5.0000e-01 1.0000e+00 5.0000e-01 2.5000e-01
000031     -26058.007     -43266.698       -254.847     -69579.552 3.5000e-01 1.0000e+02 5.0000e-01 5.0000e-01 1.0000e+00 5.0000e-01 2.5000e-01
000032     -26030.690     -43393.282       -254.847     -69678.818 3.5000e-01 1.0000e+02 5.0000e-01 5.0000e-01 1.0000e+00 5.0000e-01 2.5000e-01
000033     -25992.056     -43567.618       -254.847     -69814.521 3.5000e-01 1.0000e+02 5.0000e-01 5.0000e-01 1.0000e+00 5.0000e-01 2.5000e-01
000034     -26020.172     -43316.690       -254.847     -69591.709 3.5000e-01 1.0000e+02 5.0000e-01 5.0000e-01 1.0000e+00 5.0000e-01 2.5000e-01
000035     -26092.035     -43562.928       -254.847     -69909.809 3.5000e-01 1.0000e+02 5.0000e-01 5.0000e-01 1.0000e+00 5.0000e-01 2.5000e-01
000036     -25975.412     -43045.966       -253.810     -69275.188 3.5000e-01 1.0000e+02 5.0000e-01 5.0000e-01 1.0000e+00 5.0000e-01 2.5000e-01
000037     -25978.471     -43463.839       -254.847     -69697.158 3.5000e-01 1.0000e+02 5.0000e-01 5.0000e-01 1.0000e+00 5.0000e-01 2.5000e-01
000038     -26163.012     -42987.497       -254.847     -69405.356 3.5000e-01 1.0000e+02 5.0000e-01 5.0000e-01 1.0000e+00 5.0000e-01 2.5000e-01
000039     -26015.989     -43114.746       -254.847     -69385.582 3.5000e-01 1.0000e+02 5.0000e-01 5.0000e-01 1.0000e+00 5.0000e-01 2.5000e-01
000040     -25820.411     -42420.525       -254.321     -68495.256 3.5000e-01 1.0000e+02 5.0000e-01 5.0000e-01 1.0000e+00 5.0000e-01 2.5000e-01
000041     -25848.360     -41929.295       -253.285     -68030.940 3.5000e-01 1.0000e+02 5.0000e-01 5.0000e-01 1.0000e+00 5.0000e-01 2.5000e-01
000042     -25914.031     -42092.806       -252.248     -68259.085 3.5000e-01 1.0000e+02 5.0000e-01 5.0000e-01 1.0000e+00 5.0000e-01 2.5000e-01
000043     -25962.301     -42477.744       -253.285     -68693.329 3.5000e-01 1.0000e+02 5.0000e-01 5.0000e-01 1.0000e+00 5.0000e-01 2.5000e-01
000044     -26055.464     -42437.232       -253.285     -68745.981 3.5000e-01 1.0000e+02 5.0000e-01 5.0000e-01 1.0000e+00 5.0000e-01 2.5000e-01
000045     -26022.811     -42694.951       -253.285     -68971.046 3.5000e-01 1.0000e+02 5.0000e-01 5.0000e-01 1.0000e+00 5.0000e-01 2.5000e-01
000046     -26120.963     -42029.257       -253.285     -68403.504 3.5000e-01 1.0000e+02 5.0000e-01 5.0000e-01 1.0000e+00 5.0000e-01 2.5000e-01
000047     -26100.027     -42048.359       -252.248     -68400.633 3.5000e-01 1.0000e+02 5.0000e-01 5.0000e-01 1.0000e+00 5.0000e-01 2.5000e-01
000048     -26159.490     -42038.843       -252.248     -68450.581 3.5000e-01 1.0000e+02 5.0000e-01 5.0000e-01 1.0000e+00 5.0000e-01 2.5000e-01
000049     -26182.150     -42177.713       -252.248     -68612.111 3.5000e-01 1.0000e+02 5.0000e-01 5.0000e-01 1.0000e+00 5.0000e-01 2.5000e-01
000050     -26369.855     -42432.822       -252.248     -69054.924 3.5000e-01 1.0000e+02 5.0000e-01 5.0000e-01 1.0000e+00 5.0000e-01 2.5000e-01
000051     -26440.531     -42364.770       -252.248     -69057.549 3.5000e-01 1.0000e+02 5.0000e-01 5.0000e-01 1.0000e+00 5.0000e-01 2.5000e-01
000052     -26407.308     -42892.458       -253.285     -69553.050 3.5000e-01 1.0000e+02 5.0000e-01 5.0000e-01 1.0000e+00 5.0000e-01 2.5000e-01
000053     -26352.113     -42935.198       -253.285     -69540.596 3.5000e-01 1.0000e+02 5.0000e-01 5.0000e-01 1.0000e+00 5.0000e-01 2.5000e-01
000054     -26255.505     -42496.687       -252.248     -69004.440 3.5000e-01 1.0000e+02 5.0000e-01 5.0000e-01 1.0000e+00 5.0000e-01 2.5000e-01
000055     -26243.104     -42547.452       -252.248     -69042.803 3.5000e-01 1.0000e+02 5.0000e-01 5.0000e-01 1.0000e+00 5.0000e-01 2.5000e-01
000056     -26204.292     -42753.249       -253.285     -69210.826 3.5000e-01 1.0000e+02 5.0000e-01 5.0000e-01 1.0000e+00 5.0000e-01 2.5000e-01
000057     -26249.124     -42926.051       -253.285     -69428.460 3.5000e-01 1.0000e+02 5.0000e-01 5.0000e-01 1.0000e+00 5.0000e-01 2.5000e-01
000058     -26307.196     -42536.101       -253.285     -69096.582 3.5000e-01 1.0000e+02 5.0000e-01 5.0000e-01 1.0000e+00 5.0000e-01 2.5000e-01
000059     -26262.935     -42822.060       -253.285     -69338.279 3.5000e-01 1.0000e+02 5.0000e-01 5.0000e-01 1.0000e+00 5.0000e-01 2.5000e-01
000060     -26291.373     -42848.771       -253.285     -69393.429 3.5000e-01 1.0000e+02 5.0000e-01 5.0000e-01 1.0000e+00 5.0000e-01 2.5000e-01
000061     -26272.052     -42572.014       -253.285     -69097.350 3.5000e-01 1.0000e+02 5.0000e-01 5.0000e-01 1.0000e+00 5.0000e-01 2.5000e-01
000062     -26204.790     -42827.441       -253.285     -69285.516 3.5000e-01 1.0000e+02 5.0000e-01 5.0000e-01 1.0000e+00 5.0000e-01 2.5000e-01
000063     -26317.943     -42974.929       -253.285     -69546.156 3.5000e-01 1.0000e+02 5.0000e-01 5.0000e-01 1.0000e+00 5.0000e-01 2.5000e-01
000064     -26174.248     -42417.364       -253.285     -68844.897 3.5000e-01 1.0000e+02 5.0000e-01 5.0000e-01 1.0000e+00 5.0000e-01 2.5000e-01
000065     -26288.780     -42620.822       -253.285     -69162.887 3.5000e-01 1.0000e+02 5.0000e-01 5.0000e-01 1.0000e+00 5.0000e-01 2.5000e-01
000066     -26268.651     -42756.851       -253.285     -69278.787 3.5000e-01 1.0000e+02 5.0000e-01 5.0000e-01 1.0000e+00 5.0000e-01 2.5000e-01
000067     -26282.028     -42745.184       -251.985     -69279.198 3.5000e-01 1.0000e+02 5.0000e-01 5.0000e-01 1.0000e+00 5.0000e-01 2.5000e-01
000068     -26352.939     -42667.432       -251.985     -69272.356 3.5000e-01 1.0000e+02 5.0000e-01 5.0000e-01 1.0000e+00 5.0000e-01 2.5000e-01
000069     -26485.074     -42740.824       -251.985     -69477.883 3.5000e-01 1.0000e+02 5.0000e-01 5.0000e-01 1.0000e+00 5.0000e-01 2.5000e-01
000070     -26469.569     -42526.797       -251.985     -69248.351 3.5000e-01 1.0000e+02 5.0000e-01 5.0000e-01 1.0000e+00 5.0000e-01 2.5000e-01
000071     -26476.518     -42582.652       -251.985     -69311.156 3.5000e-01 1.0000e+02 5.0000e-01 5.0000e-01 1.0000e+00 5.0000e-01 2.5000e-01
000072     -26375.835     -42563.412       -251.985     -69191.233 3.5000e-01 1.0000e+02 5.0000e-01 5.0000e-01 1.0000e+00 5.0000e-01 2.5000e-01
000073     -26357.244     -42622.562       -251.985     -69231.791 3.5000e-01 1.0000e+02 5.0000e-01 5.0000e-01 1.0000e+00 5.0000e-01 2.5000e-01
000074     -26273.712     -42551.188       -251.985     -69076.886 3.5000e-01 1.0000e+02 5.0000e-01 5.0000e-01 1.0000e+00 5.0000e-01 2.5000e-01
000075     -26407.998     -42497.643       -251.985     -69157.626 3.5000e-01 1.0000e+02 5.0000e-01 5.0000e-01 1.0000e+00 5.0000e-01 2.5000e-01
000076     -26371.348     -42440.207       -251.985     -69063.540 3.5000e-01 1.0000e+02 5.0000e-01 5.0000e-01 1.0000e+00 5.0000e-01 2.5000e-01
000077     -26253.446     -42123.710       -251.985     -68629.142 3.5000e-01 1.0000e+02 5.0000e-01 5.0000e-01 1.0000e+00 5.0000e-01 2.5000e-01
000078     -26319.473     -42468.320       -251.985     -69039.778 3.5000e-01 1.0000e+02 5.0000e-01 5.0000e-01 1.0000e+00 5.0000e-01 2.5000e-01
000079     -26279.644     -42373.105       -251.985     -68904.734 3.5000e-01 1.0000e+02 5.0000e-01 5.0000e-01 1.0000e+00 5.0000e-01 2.5000e-01
000080     -26340.174     -42486.857       -251.985     -69079.017 3.5000e-01 1.0000e+02 5.0000e-01 5.0000e-01 1.0000e+00 5.0000e-01 2.5000e-01
000081     -26241.857     -42406.678       -251.985     -68900.520 3.5000e-01 1.0000e+02 5.0000e-01 5.0000e-01 1.0000e+00 5.0000e-01 2.5000e-01
000082     -26402.973     -42723.446       -251.985     -69378.405 3.5000e-01 1.0000e+02 5.0000e-01 5.0000e-01 1.0000e+00 5.0000e-01 2.5000e-01
000083     -26242.002     -42670.000       -251.985     -69163.987 3.5000e-01 1.0000e+02 5.0000e-01 5.0000e-01 1.0000e+00 5.0000e-01 2.5000e-01
000084     -26234.989     -42701.898       -251.985     -69188.872 3.5000e-01 1.0000e+02 5.0000e-01 5.0000e-01 1.0000e+00 5.0000e-01 2.5000e-01
000085     -26250.267     -42687.975       -251.985     -69190.228 3.5000e-01 1.0000e+02 5.0000e-01 5.0000e-01 1.0000e+00 5.0000e-01 2.5000e-01
000086     -26217.751     -42699.578       -251.985     -69169.314 3.5000e-01 1.0000e+02 5.0000e-01 5.0000e-01 1.0000e+00 5.0000e-01 2.5000e-01
000087     -26319.639     -42745.034       -251.985     -69316.659 3.5000e-01 1.0000e+02 5.0000e-01 5.0000e-01 1.0000e+00 5.0000e-01 2.5000e-01
000088     -26288.682     -42705.764       -251.985     -69246.431 3.5000e-01 1.0000e+02 5.0000e-01 5.0000e-01 1.0000e+00 5.0000e-01 2.5000e-01
000089     -26363.776     -42823.509       -251.985     -69439.271 3.5000e-01 1.0000e+02 5.0000e-01 5.0000e-01 1.0000e+00 5.0000e-01 2.5000e-01
000090     -26281.600     -42766.179       -251.985     -69299.765 3.5000e-01 1.0000e+02 5.0000e-01 5.0000e-01 1.0000e+00 5.0000e-01 2.5000e-01
000091     -26253.028     -42656.978       -251.985     -69161.992 3.5000e-01 1.0000e+02 5.0000e-01 5.0000e-01 1.0000e+00 5.0000e-01 2.5000e-01
000092     -26174.054     -42562.363       -251.985     -68988.403 3.5000e-01 1.0000e+02 5.0000e-01 5.0000e-01 1.0000e+00 5.0000e-01 2.5000e-01
000093     -25956.120     -42494.680       -251.985     -68702.785 3.5000e-01 1.0000e+02 5.0000e-01 5.0000e-01 1.0000e+00 5.0000e-01 2.5000e-01
000094     -26078.300     -42589.131       -251.985     -68919.417 3.5000e-01 1.0000e+02 5.0000e-01 5.0000e-01 1.0000e+00 5.0000e-01 2.5000e-01
000095     -26153.755     -42696.527       -251.985     -69102.267 3.5000e-01 1.0000e+02 5.0000e-01 5.0000e-01 1.0000e+00 5.0000e-01 2.5000e-01
000096     -26322.844     -42715.097       -251.985     -69289.926 3.5000e-01 1.0000e+02 5.0000e-01 5.0000e-01 1.0000e+00 5.0000e-01 2.5000e-01
000097     -26287.637     -42514.474       -251.985     -69054.096 3.5000e-01 1.0000e+02 5.0000e-01 5.0000e-01 1.0000e+00 5.0000e-01 2.5000e-01
000098     -26427.844     -42538.132       -251.985     -69217.962 3.5000e-01 1.0000e+02 5.0000e-01 5.0000e-01 1.0000e+00 5.0000e-01 2.5000e-01
000099     -26481.679     -42188.723       -251.985     -68922.387 3.5000e-01 1.0000e+02 5.0000e-01 5.0000e-01 1.0000e+00 5.0000e-01 2.5000e-01
000100     -26467.372     -42528.159       -251.985     -69247.516 3.5000e-01 1.0000e+02 5.0000e-01 5.0000e-01 1.0000e+00 5.0000e-01 2.5000e-01
000101     -26537.442     -42475.243       -251.985     -69264.670 3.5000e-01 1.0000e+02 5.0000e-01 5.0000e-01 1.0000e+00 5.0000e-01 2.5000e-01
000102     -26549.744     -42619.959       -251.985     -69421.688 3.5000e-01 1.0000e+02 5.0000e-01 5.0000e-01 1.0000e+00 5.0000e-01 2.5000e-01
000103     -26486.705     -42371.345       -251.985     -69110.035 3.5000e-01 1.0000e+02 5.0000e-01 5.0000e-01 1.0000e+00 5.0000e-01 2.5000e-01
000104     -26521.125     -42442.912       -251.985     -69216.022 3.5000e-01 1.0000e+02 5.0000e-01 5.0000e-01 1.0000e+00 5.0000e-01 2.5000e-01
000105     -26377.626     -42325.222       -251.985     -68954.833 3.5000e-01 1.0000e+02 5.0000e-01 5.0000e-01 1.0000e+00 5.0000e-01 2.5000e-01
000106     -26329.317     -42290.798       -251.985     -68872.101 3.5000e-01 1.0000e+02 5.0000e-01 5.0000e-01 1.0000e+00 5.0000e-01 2.5000e-01
000107     -26399.781     -42304.015       -251.985     -68955.781 3.5000e-01 1.0000e+02 5.0000e-01 5.0000e-01 1.0000e+00 5.0000e-01 2.5000e-01
000108     -26379.289     -42358.311       -251.985     -68989.585 3.5000e-01 1.0000e+02 5.0000e-01 5.0000e-01 1.0000e+00 5.0000e-01 2.5000e-01
000109     -26385.749     -42290.554       -251.985     -68928.288 3.5000e-01 1.0000e+02 5.0000e-01 5.0000e-01 1.0000e+00 5.0000e-01 2.5000e-01
000110     -26398.039     -42360.083       -251.985     -69010.107 3.5000e-01 1.0000e+02 5.0000e-01 5.0000e-01 1.0000e+00 5.0000e-01 2.5000e-01
000111     -26517.229     -42453.518       -251.985     -69222.733 3.5000e-01 1.0000e+02 5.0000e-01 5.0000e-01 1.0000e+00 5.0000e-01 2.5000e-01
000112     -26532.652     -42369.432       -251.985     -69154.069 3.5000e-01 1.0000e+02 5.0000e-01 5.0000e-01 1.0000e+00 5.0000e-01 2.5000e-01
000113     -26499.353     -42313.848       -251.985     -69065.186 3.5000e-01 1.0000e+02 5.0000e-01 5.0000e-01 1.0000e+00 5.0000e-01 2.5000e-01
000114     -26496.921     -42251.688       -251.985     -69000.594 3.5000e-01 1.0000e+02 5.0000e-01 5.0000e-01 1.0000e+00 5.0000e-01 2.5000e-01
000115     -26558.524     -42459.880       -251.985     -69270.390 3.5000e-01 1.0000e+02 5.0000e-01 5.0000e-01 1.0000e+00 5.0000e-01 2.5000e-01
000116     -26444.548     -42339.910       -251.985     -69036.444 3.5000e-01 1.0000e+02 5.0000e-01 5.0000e-01 1.0000e+00 5.0000e-01 2.5000e-01
000117     -26542.667     -42301.072       -251.985     -69095.724 3.5000e-01 1.0000e+02 5.0000e-01 5.0000e-01 1.0000e+00 5.0000e-01 2.5000e-01
000118     -26368.717     -42316.766       -251.985     -68937.469 3.5000e-01 1.0000e+02 5.0000e-01 5.0000e-01 1.0000e+00 5.0000e-01 2.5000e-01
000119     -26454.124     -42470.036       -251.985     -69176.145 3.5000e-01 1.0000e+02 5.0000e-01 5.0000e-01 1.0000e+00 5.0000e-01 2.5000e-01
000120     -26434.392     -42427.076       -251.985     -69113.453 3.5000e-01 1.0000e+02 5.0000e-01 5.0000e-01 1.0000e+00 5.0000e-01 2.5000e-01
000121     -26329.818     -42291.536       -251.985     -68873.339 3.5000e-01 1.0000e+02 5.0000e-01 5.0000e-01 1.0000e+00 5.0000e-01 2.5000e-01
000122     -26536.789     -42381.091       -251.985     -69169.865 3.5000e-01 1.0000e+02 5.0000e-01 5.0000e-01 1.0000e+00 5.0000e-01 2.5000e-01
000123     -26575.075     -42428.433       -251.985     -69255.493 3.5000e-01 1.0000e+02 5.0000e-01 5.0000e-01 1.0000e+00 5.0000e-01 2.5000e-01
000124     -26472.467     -42430.852       -251.985     -69155.304 3.5000e-01 1.0000e+02 5.0000e-01 5.0000e-01 1.0000e+00 5.0000e-01 2.5000e-01
000125     -26521.791     -42223.859       -251.985     -68997.636 3.5000e-01 1.0000e+02 5.0000e-01 5.0000e-01 1.0000e+00 5.0000e-01 2.5000e-01
000126     -26548.611     -42253.495       -251.985     -69054.092 3.5000e-01 1.0000e+02 5.0000e-01 5.0000e-01 1.0000e+00 5.0000e-01 2.5000e-01
000127     -26415.123     -42551.267       -251.985     -69218.376 3.5000e-01 1.0000e+02 5.0000e-01 5.0000e-01 1.0000e+00 5.0000e-01 2.5000e-01
000128     -26441.293     -42531.088       -251.985     -69224.367 3.5000e-01 1.0000e+02 5.0000e-01 5.0000e-01 1.0000e+00 5.0000e-01 2.5000e-01
000129     -26371.532     -42298.098       -251.985     -68921.614 3.5000e-01 1.0000e+02 5.0000e-01 5.0000e-01 1.0000e+00 5.0000e-01 2.5000e-01
000130     -26349.445     -42199.617       -251.985     -68801.048 3.5000e-01 1.0000e+02 5.0000e-01 5.0000e-01 1.0000e+00 5.0000e-01 2.5000e-01
000131     -26410.969     -42333.381       -251.985     -68996.335 3.5000e-01 1.0000e+02 5.0000e-01 5.0000e-01 1.0000e+00 5.0000e-01 2.5000e-01
000132     -26462.384     -42346.796       -251.985     -69061.166 3.5000e-01 1.0000e+02 5.0000e-01 5.0000e-01 1.0000e+00 5.0000e-01 2.5000e-01
000133     -26539.616     -42214.348       -251.985     -69005.949 3.5000e-01 1.0000e+02 5.0000e-01 5.0000e-01 1.0000e+00 5.0000e-01 2.5000e-01
000134     -26582.129     -42219.420       -251.985     -69053.535 3.5000e-01 1.0000e+02 5.0000e-01 5.0000e-01 1.0000e+00 5.0000e-01 2.5000e-01
000135     -26583.292     -42247.356       -251.985     -69082.633 3.5000e-01 1.0000e+02 5.0000e-01 5.0000e-01 1.0000e+00 5.0000e-01 2.5000e-01
000136     -26644.699     -42292.453       -251.985     -69189.137 3.5000e-01 1.0000e+02 5.0000e-01 5.0000e-01 1.0000e+00 5.0000e-01 2.5000e-01
000137     -26548.255     -42310.496       -251.985     -69110.737 3.5000e-01 1.0000e+02 5.0000e-01 5.0000e-01 1.0000e+00 5.0000e-01 2.5000e-01
000138     -26469.392     -42034.079       -251.985     -68755.456 3.5000e-01 1.0000e+02 5.0000e-01 5.0000e-01 1.0000e+00 5.0000e-01 2.5000e-01
000139     -26484.226     -42046.537       -251.985     -68782.748 3.5000e-01 1.0000e+02 5.0000e-01 5.0000e-01 1.0000e+00 5.0000e-01 2.5000e-01
000140     -26515.890     -41920.238       -251.985     -68688.113 3.5000e-01 1.0000e+02 5.0000e-01 5.0000e-01 1.0000e+00 5.0000e-01 2.5000e-01
000141     -26500.579     -41833.486       -251.985     -68586.050 3.5000e-01 1.0000e+02 5.0000e-01 5.0000e-01 1.0000e+00 5.0000e-01 2.5000e-01
000142     -26519.616     -42026.283       -251.985     -68797.884 3.5000e-01 1.0000e+02 5.0000e-01 5.0000e-01 1.0000e+00 5.0000e-01 2.5000e-01
000143     -26484.062     -41980.775       -251.985     -68716.822 3.5000e-01 1.0000e+02 5.0000e-01 5.0000e-01 1.0000e+00 5.0000e-01 2.5000e-01
000144     -26544.229     -42005.840       -251.985     -68802.054 3.5000e-01 1.0000e+02 5.0000e-01 5.0000e-01 1.0000e+00 5.0000e-01 2.5000e-01
000145     -26516.858     -41985.775       -251.985     -68754.619 3.5000e-01 1.0000e+02 5.0000e-01 5.0000e-01 1.0000e+00 5.0000e-01 2.5000e-01
000146     -26403.690     -42126.814       -251.985     -68782.489 3.5000e-01 1.0000e+02 5.0000e-01 5.0000e-01 1.0000e+00 5.0000e-01 2.5000e-01
000147     -26316.191     -42142.448       -251.985     -68710.624 3.5000e-01 1.0000e+02 5.0000e-01 5.0000e-01 1.0000e+00 5.0000e-01 2.5000e-01
000148     -26241.820     -42043.037       -251.985     -68536.843 3.5000e-01 1.0000e+02 5.0000e-01 5.0000e-01 1.0000e+00 5.0000e-01 2.5000e-01
000149     -26258.933     -41956.800       -251.985     -68467.719 3.5000e-01 1.0000e+02 5.0000e-01 5.0000e-01 1.0000e+00 5.0000e-01 2.5000e-01
000150     -26311.616     -41912.737       -251.985     -68476.339 3.5000e-01 1.0000e+02 5.0000e-01 5.0000e-01 1.0000e+00 5.0000e-01 2.5000e-01
000151     -26411.962     -41892.525       -251.985     -68556.472 3.5000e-01 1.0000e+02 5.0000e-01 5.0000e-01 1.0000e+00 5.0000e-01 2.5000e-01
000152     -26430.217     -41722.002       -251.985     -68404.204 3.5000e-01 1.0000e+02 5.0000e-01 5.0000e-01 1.0000e+00 5.0000e-01 2.5000e-01
000153     -26333.216     -41884.879       -251.985     -68470.080 3.5000e-01 1.0000e+02 5.0000e-01 5.0000e-01 1.0000e+00 5.0000e-01 2.5000e-01
000154     -26359.371     -41756.359       -251.985     -68367.715 3.5000e-01 1.0000e+02 5.0000e-01 5.0000e-01 1.0000e+00 5.0000e-01 2.5000e-01
000155     -26501.896     -41810.976       -251.985     -68564.858 3.5000e-01 1.0000e+02 5.0000e-01 5.0000e-01 1.0000e+00 5.0000e-01 2.5000e-01
000156     -26607.822     -41888.139       -251.985     -68747.947 3.5000e-01 1.0000e+02 5.0000e-01 5.0000e-01 1.0000e+00 5.0000e-01 2.5000e-01
000157     -26458.617     -41910.524       -251.985     -68621.126 3.5000e-01 1.0000e+02 5.0000e-01 5.0000e-01 1.0000e+00 5.0000e-01 2.5000e-01
000158     -26448.194     -42046.088       -251.985     -68746.267 3.5000e-01 1.0000e+02 5.0000e-01 5.0000e-01 1.0000e+00 5.0000e-01 2.5000e-01
000159     -26517.761     -42163.074       -251.985     -68932.820 3.5000e-01 1.0000e+02 5.0000e-01 5.0000e-01 1.0000e+00 5.0000e-01 2.5000e-01
000160     -26440.224     -42243.146       -251.985     -68935.356 3.5000e-01 1.0000e+02 5.0000e-01 5.0000e-01 1.0000e+00 5.0000e-01 2.5000e-01
000161     -26531.819     -42384.497       -251.985     -69168.301 3.5000e-01 1.0000e+02 5.0000e-01 5.0000e-01 1.0000e+00 5.0000e-01 2.5000e-01
000162     -26531.128     -42285.993       -251.985     -69069.106 3.5000e-01 1.0000e+02 5.0000e-01 5.0000e-01 1.0000e+00 5.0000e-01 2.5000e-01
000163     -26614.631     -42242.637       -251.985     -69109.254 3.5000e-01 1.0000e+02 5.0000e-01 5.0000e-01 1.0000e+00 5.0000e-01 2.5000e-01
000164     -26666.917     -42105.001       -251.985     -69023.904 3.5000e-01 1.0000e+02 5.0000e-01 5.0000e-01 1.0000e+00 5.0000e-01 2.5000e-01
000165     -26564.105     -42230.872       -251.985     -69046.962 3.5000e-01 1.0000e+02 5.0000e-01 5.0000e-01 1.0000e+00 5.0000e-01 2.5000e-01
000166     -26570.675     -42268.153       -251.985     -69090.813 3.5000e-01 1.0000e+02 5.0000e-01 5.0000e-01 1.0000e+00 5.0000e-01 2.5000e-01
000167     -26557.521     -42259.061       -251.985     -69068.567 3.5000e-01 1.0000e+02 5.0000e-01 5.0000e-01 1.0000e+00 5.0000e-01 2.5000e-01
000168     -26471.998     -42258.281       -251.985     -68982.265 3.5000e-01 1.0000e+02 5.0000e-01 5.0000e-01 1.0000e+00 5.0000e-01 2.5000e-01
000169     -26400.166     -42378.155       -251.985     -69030.307 3.5000e-01 1.0000e+02 5.0000e-01 5.0000e-01 1.0000e+00 5.0000e-01 2.5000e-01
000170     -26403.638     -42340.170       -251.985     -68995.793 3.5000e-01 1.0000e+02 5.0000e-01 5.0000e-01 1.0000e+00 5.0000e-01 2.5000e-01
000171     -26450.655     -42075.024       -251.985     -68777.665 3.5000e-01 1.0000e+02 5.0000e-01 5.0000e-01 1.0000e+00 5.0000e-01 2.5000e-01
000172     -26433.796     -42144.553       -251.985     -68830.335 3.5000e-01 1.0000e+02 5.0000e-01 5.0000e-01 1.0000e+00 5.0000e-01 2.5000e-01
000173     -26560.772     -42191.318       -251.985     -69004.075 3.5000e-01 1.0000e+02 5.0000e-01 5.0000e-01 1.0000e+00 5.0000e-01 2.5000e-01
000174     -26606.665     -42097.862       -251.985     -68956.513 3.5000e-01 1.0000e+02 5.0000e-01 5.0000e-01 1.0000e+00 5.0000e-01 2.5000e-01
000175     -26609.997     -42124.894       -251.985     -68986.877 3.5000e-01 1.0000e+02 5.0000e-01 5.0000e-01 1.0000e+00 5.0000e-01 2.5000e-01
000176     -26533.063     -42233.429       -251.985     -69018.478 3.5000e-01 1.0000e+02 5.0000e-01 5.0000e-01 1.0000e+00 5.0000e-01 2.5000e-01
000177     -26384.079     -42066.860       -251.985     -68702.925 3.5000e-01 1.0000e+02 5.0000e-01 5.0000e-01 1.0000e+00 5.0000e-01 2.5000e-01
000178     -26550.807     -42099.314       -251.985     -68902.106 3.5000e-01 1.0000e+02 5.0000e-01 5.0000e-01 1.0000e+00 5.0000e-01 2.5000e-01
000179     -26534.819     -42105.267       -251.985     -68892.071 3.5000e-01 1.0000e+02 5.0000e-01 5.0000e-01 1.0000e+00 5.0000e-01 2.5000e-01
000180     -26415.626     -42039.353       -251.985     -68706.964 3.5000e-01 1.0000e+02 5.0000e-01 5.0000e-01 1.0000e+00 5.0000e-01 2.5000e-01
000181     -26406.603     -42069.495       -251.985     -68728.083 3.5000e-01 1.0000e+02 5.0000e-01 5.0000e-01 1.0000e+00 5.0000e-01 2.5000e-01
000182     -26442.382     -41887.130       -251.985     -68581.498 3.5000e-01 1.0000e+02 5.0000e-01 5.0000e-01 1.0000e+00 5.0000e-01 2.5000e-01
000183     -26442.198     -42048.965       -251.985     -68743.149 3.5000e-01 1.0000e+02 5.0000e-01 5.0000e-01 1.0000e+00 5.0000e-01 2.5000e-01
000184     -26567.405     -41797.266       -251.985     -68616.656 3.5000e-01 1.0000e+02 5.0000e-01 5.0000e-01 1.0000e+00 5.0000e-01 2.5000e-01
000185     -26612.747     -41867.079       -251.985     -68731.811 3.5000e-01 1.0000e+02 5.0000e-01 5.0000e-01 1.0000e+00 5.0000e-01 2.5000e-01
000186     -26529.287     -41977.336       -251.985     -68758.608 3.5000e-01 1.0000e+02 5.0000e-01 5.0000e-01 1.0000e+00 5.0000e-01 2.5000e-01
000187     -26652.160     -41818.551       -251.985     -68722.697 3.5000e-01 1.0000e+02 5.0000e-01 5.0000e-01 1.0000e+00 5.0000e-01 2.5000e-01
000188     -26545.470     -42014.560       -251.985     -68812.015 3.5000e-01 1.0000e+02 5.0000e-01 5.0000e-01 1.0000e+00 5.0000e-01 2.5000e-01
000189     -26542.252     -42267.737       -251.985     -69061.974 3.5000e-01 1.0000e+02 5.0000e-01 5.0000e-01 1.0000e+00 5.0000e-01 2.5000e-01
000190     -26478.963     -42313.634       -251.985     -69044.582 3.5000e-01 1.0000e+02 5.0000e-01 5.0000e-01 1.0000e+00 5.0000e-01 2.5000e-01
000191     -26542.961     -42352.204       -251.985     -69147.150 3.5000e-01 1.0000e+02 5.0000e-01 5.0000e-01 1.0000e+00 5.0000e-01 2.5000e-01
000192     -26506.928     -42476.601       -251.985     -69235.515 3.5000e-01 1.0000e+02 5.0000e-01 5.0000e-01 1.0000e+00 5.0000e-01 2.5000e-01
000193     -26490.252     -42035.833       -251.985     -68778.071 3.5000e-01 1.0000e+02 5.0000e-01 5.0000e-01 1.0000e+00 5.0000e-01 2.5000e-01
000194     -26593.967     -42026.506       -251.985     -68872.458 3.5000e-01 1.0000e+02 5.0000e-01 5.0000e-01 1.0000e+00 5.0000e-01 2.5000e-01
000195     -26593.129     -41995.118       -251.985     -68840.233 3.5000e-01 1.0000e+02 5.0000e-01 5.0000e-01 1.0000e+00 5.0000e-01 2.5000e-01
000196     -26414.926     -41986.313       -251.985     -68653.225 3.5000e-01 1.0000e+02 5.0000e-01 5.0000e-01 1.0000e+00 5.0000e-01 2.5000e-01
000197     -26459.151     -41985.173       -251.985     -68696.309 3.5000e-01 1.0000e+02 5.0000e-01 5.0000e-01 1.0000e+00 5.0000e-01 2.5000e-01
000198     -26345.007     -41989.436       -251.985     -68586.428 3.5000e-01 1.0000e+02 5.0000e-01 5.0000e-01 1.0000e+00 5.0000e-01 2.5000e-01
000199     -26323.687     -42064.385       -251.985     -68640.057 3.5000e-01 1.0000e+02 5.0000e-01 5.0000e-01 1.0000e+00 5.0000e-01 2.5000e-01
000200     -26330.383     -41819.373       -251.985     -68401.741 3.5000e-01 1.0000e+02 5.0000e-01 5.0000e-01 1.0000e+00 5.0000e-01 2.5000e-01
000201     -26322.980     -41827.363       -251.985     -68402.329 3.5000e-01 1.0000e+02 5.0000e-01 5.0000e-01 1.0000e+00 5.0000e-01 2.5000e-01
000202     -26288.880     -42001.526       -251.985     -68542.391 3.5000e-01 1.0000e+02 5.0000e-01 5.0000e-01 1.0000e+00 5.0000e-01 2.5000e-01
000203     -26278.243     -42086.750       -251.985     -68616.978 3.5000e-01 1.0000e+02 5.0000e-01 5.0000e-01 1.0000e+00 5.0000e-01 2.5000e-01
000204     -26438.528     -41972.022       -251.985     -68662.536 3.5000e-01 1.0000e+02 5.0000e-01 5.0000e-01 1.0000e+00 5.0000e-01 2.5000e-01
000205     -26559.035     -42066.514       -251.985     -68877.534 3.5000e-01 1.0000e+02 5.0000e-01 5.0000e-01 1.0000e+00 5.0000e-01 2.5000e-01
000206     -26529.800     -42122.033       -251.985     -68903.818 3.5000e-01 1.0000e+02 5.0000e-01 5.0000e-01 1.0000e+00 5.0000e-01 2.5000e-01
000207     -26555.493     -42174.004       -251.985     -68981.482 3.5000e-01 1.0000e+02 5.0000e-01 5.0000e-01 1.0000e+00 5.0000e-01 2.5000e-01
000208     -26519.958     -42042.606       -251.985     -68814.549 3.5000e-01 1.0000e+02 5.0000e-01 5.0000e-01 1.0000e+00 5.0000e-01 2.5000e-01
000209     -26413.765     -42021.239       -251.985     -68686.990 3.5000e-01 1.0000e+02 5.0000e-01 5.0000e-01 1.0000e+00 5.0000e-01 2.5000e-01
000210     -26391.000     -41975.177       -251.985     -68618.162 3.5000e-01 1.0000e+02 5.0000e-01 5.0000e-01 1.0000e+00 5.0000e-01 2.5000e-01
000211     -26487.376     -42054.178       -251.985     -68793.539 3.5000e-01 1.0000e+02 5.0000e-01 5.0000e-01 1.0000e+00 5.0000e-01 2.5000e-01
000212     -26567.797     -42080.463       -251.985     -68900.245 3.5000e-01 1.0000e+02 5.0000e-01 5.0000e-01 1.0000e+00 5.0000e-01 2.5000e-01
000213     -26524.731     -42037.613       -251.985     -68814.329 3.5000e-01 1.0000e+02 5.0000e-01 5.0000e-01 1.0000e+00 5.0000e-01 2.5000e-01
000214     -26497.353     -42036.085       -251.985     -68785.423 3.5000e-01 1.0000e+02 5.0000e-01 5.0000e-01 1.0000e+00 5.0000e-01 2.5000e-01
000215     -26535.905     -42006.710       -251.985     -68794.600 3.5000e-01 1.0000e+02 5.0000e-01 5.0000e-01 1.0000e+00 5.0000e-01 2.5000e-01
000216     -26618.995     -42021.899       -251.985     -68892.880 3.5000e-01 1.0000e+02 5.0000e-01 5.0000e-01 1.0000e+00 5.0000e-01 2.5000e-01
000217     -26592.648     -41972.633       -251.985     -68817.266 3.5000e-01 1.0000e+02 5.0000e-01 5.0000e-01 1.0000e+00 5.0000e-01 2.5000e-01
000218     -26572.596     -42141.241       -251.985     -68965.823 3.5000e-01 1.0000e+02 5.0000e-01 5.0000e-01 1.0000e+00 5.0000e-01 2.5000e-01
000219     -26696.519     -42071.143       -251.985     -69019.647 3.5000e-01 1.0000e+02 5.0000e-01 5.0000e-01 1.0000e+00 5.0000e-01 2.5000e-01
000220     -26631.543     -42118.299       -251.985     -69001.827 3.5000e-01 1.0000e+02 5.0000e-01 5.0000e-01 1.0000e+00 5.0000e-01 2.5000e-01
000221     -26686.427     -42121.431       -251.985     -69059.843 3.5000e-01 1.0000e+02 5.0000e-01 5.0000e-01 1.0000e+00 5.0000e-01 2.5000e-01
000222     -26637.279     -41951.390       -251.985     -68840.655 3.5000e-01 1.0000e+02 5.0000e-01 5.0000e-01 1.0000e+00 5.0000e-01 2.5000e-01
000223     -26578.425     -41871.171       -251.985     -68701.581 3.5000e-01 1.0000e+02 5.0000e-01 5.0000e-01 1.0000e+00 5.0000e-01 2.5000e-01
000224     -26655.647     -41734.516       -251.985     -68642.149 3.5000e-01 1.0000e+02 5.0000e-01 5.0000e-01 1.0000e+00 5.0000e-01 2.5000e-01
000225     -26526.678     -41798.583       -251.985     -68577.246 3.5000e-01 1.0000e+02 5.0000e-01 5.0000e-01 1.0000e+00 5.0000e-01 2.5000e-01
000226     -26538.289     -41750.256       -251.985     -68540.530 3.5000e-01 1.0000e+02 5.0000e-01 5.0000e-01 1.0000e+00 5.0000e-01 2.5000e-01
000227     -26647.207     -41865.229       -251.985     -68764.421 3.5000e-01 1.0000e+02 5.0000e-01 5.0000e-01 1.0000e+00 5.0000e-01 2.5000e-01
000228     -26665.431     -41867.847       -251.985     -68785.263 3.5000e-01 1.0000e+02 5.0000e-01 5.0000e-01 1.0000e+00 5.0000e-01 2.5000e-01
000229     -26685.011     -41790.779       -251.985     -68727.775 3.5000e-01 1.0000e+02 5.0000e-01 5.0000e-01 1.0000e+00 5.0000e-01 2.5000e-01
000230     -26657.857     -41941.479       -251.985     -68851.322 3.5000e-01 1.0000e+02 5.0000e-01 5.0000e-01 1.0000e+00 5.0000e-01 2.5000e-01
000231     -26551.476     -42047.235       -251.985     -68850.697 3.5000e-01 1.0000e+02 5.0000e-01 5.0000e-01 1.0000e+00 5.0000e-01 2.5000e-01
000232     -26417.658     -41963.052       -251.985     -68632.695 3.5000e-01 1.0000e+02 5.0000e-01 5.0000e-01 1.0000e+00 5.0000e-01 2.5000e-01
000233     -26403.053     -42074.767       -251.985     -68729.805 3.5000e-01 1.0000e+02 5.0000e-01 5.0000e-01 1.0000e+00 5.0000e-01 2.5000e-01
000234     -26326.217     -42156.051       -251.985     -68734.254 3.5000e-01 1.0000e+02 5.0000e-01 5.0000e-01 1.0000e+00 5.0000e-01 2.5000e-01
000235     -26225.373     -42024.286       -251.985     -68501.645 3.5000e-01 1.0000e+02 5.0000e-01 5.0000e-01 1.0000e+00 5.0000e-01 2.5000e-01
000236     -26422.700     -42154.603       -251.985     -68829.288 3.5000e-01 1.0000e+02 5.0000e-01 5.0000e-01 1.0000e+00 5.0000e-01 2.5000e-01
000237     -26530.377     -42271.690       -251.985     -69054.053 3.5000e-01 1.0000e+02 5.0000e-01 5.0000e-01 1.0000e+00 5.0000e-01 2.5000e-01
000238     -26533.274     -42115.090       -251.985     -68900.349 3.5000e-01 1.0000e+02 5.0000e-01 5.0000e-01 1.0000e+00 5.0000e-01 2.5000e-01
000239     -26639.842     -42065.424       -251.985     -68957.252 3.5000e-01 1.0000e+02 5.0000e-01 5.0000e-01 1.0000e+00 5.0000e-01 2.5000e-01
000240     -26672.926     -42048.448       -251.985     -68973.359 3.5000e-01 1.0000e+02 5.0000e-01 5.0000e-01 1.0000e+00 5.0000e-01 2.5000e-01
000241     -26591.989     -41869.997       -251.985     -68713.971 3.5000e-01 1.0000e+02 5.0000e-01 5.0000e-01 1.0000e+00 5.0000e-01 2.5000e-01
000242     -26551.195     -42057.699       -251.985     -68860.879 3.5000e-01 1.0000e+02 5.0000e-01 5.0000e-01 1.0000e+00 5.0000e-01 2.5000e-01
000243     -26420.353     -42005.007       -251.985     -68677.346 3.5000e-01 1.0000e+02 5.0000e-01 5.0000e-01 1.0000e+00 5.0000e-01 2.5000e-01
000244     -26328.390     -41978.804       -251.985     -68559.179 3.5000e-01 1.0000e+02 5.0000e-01 5.0000e-01 1.0000e+00 5.0000e-01 2.5000e-01
000245     -26255.383     -41902.806       -251.985     -68410.175 3.5000e-01 1.0000e+02 5.0000e-01 5.0000e-01 1.0000e+00 5.0000e-01 2.5000e-01
000246     -26338.678     -41857.306       -251.985     -68447.970 3.5000e-01 1.0000e+02 5.0000e-01 5.0000e-01 1.0000e+00 5.0000e-01 2.5000e-01
000247     -26448.971     -41856.696       -251.985     -68557.652 3.5000e-01 1.0000e+02 5.0000e-01 5.0000e-01 1.0000e+00 5.0000e-01 2.5000e-01
000248     -26386.982     -41916.389       -251.985     -68555.356 3.5000e-01 1.0000e+02 5.0000e-01 5.0000e-01 1.0000e+00 5.0000e-01 2.5000e-01
000249     -26356.664     -41957.412       -251.985     -68566.061 3.5000e-01 1.0000e+02 5.0000e-01 5.0000e-01 1.0000e+00 5.0000e-01 2.5000e-01
000250     -26457.067     -41906.161       -251.985     -68615.213 3.5000e-01 1.0000e+02 5.0000e-01 5.0000e-01 1.0000e+00 5.0000e-01 2.5000e-01
000251     -26445.329     -42022.846       -251.985     -68720.160 3.5000e-01 1.0000e+02 5.0000e-01 5.0000e-01 1.0000e+00 5.0000e-01 2.5000e-01
000252     -26400.890     -41923.290       -251.985     -68576.166 3.5000e-01 1.0000e+02 5.0000e-01 5.0000e-01 1.0000e+00 5.0000e-01 2.5000e-01
000253     -26398.082     -41860.977       -251.985     -68511.045 3.5000e-01 1.0000e+02 5.0000e-01 5.0000e-01 1.0000e+00 5.0000e-01 2.5000e-01
000254     -26303.582     -41722.809       -251.985     -68278.376 3.5000e-01 1.0000e+02 5.0000e-01 5.0000e-01 1.0000e+00 5.0000e-01 2.5000e-01
000255     -26304.925     -41741.452       -251.985     -68298.363 3.5000e-01 1.0000e+02 5.0000e-01 5.0000e-01 1.0000e+00 5.0000e-01 2.5000e-01
000256     -26403.669     -41734.302       -251.985     -68389.957 3.5000e-01 1.0000e+02 5.0000e-01 5.0000e-01 1.0000e+00 5.0000e-01 2.5000e-01
000257     -26516.474     -41885.013       -251.985     -68653.472 3.5000e-01 1.0000e+02 5.0000e-01 5.0000e-01 1.0000e+00 5.0000e-01 2.5000e-01
000258     -26528.969     -41855.518       -251.985     -68636.473 3.5000e-01 1.0000e+02 5.0000e-01 5.0000e-01 1.0000e+00 5.0000e-01 2.5000e-01
000259     -26540.104     -41702.489       -251.985     -68494.578 3.5000e-01 1.0000e+02 5.0000e-01 5.0000e-01 1.0000e+00 5.0000e-01 2.5000e-01
000260     -26694.538     -41705.738       -251.985     -68652.262 3.5000e-01 1.0000e+02 5.0000e-01 5.0000e-01 1.0000e+00 5.0000e-01 2.5000e-01
000261     -26687.164     -41565.330       -251.985     -68504.479 3.5000e-01 1.0000e+02 5.0000e-01 5.0000e-01 1.0000e+00 5.0000e-01 2.5000e-01
000262     -26724.561     -41641.081       -251.985     -68617.627 3.5000e-01 1.0000e+02 5.0000e-01 5.0000e-01 1.0000e+00 5.0000e-01 2.5000e-01
000263     -26726.443     -41712.187       -251.985     -68690.615 3.5000e-01 1.0000e+02 5.0000e-01 5.0000e-01 1.0000e+00 5.0000e-01 2.5000e-01
000264     -26699.545     -41862.217       -251.985     -68813.747 3.5000e-01 1.0000e+02 5.0000e-01 5.0000e-01 1.0000e+00 5.0000e-01 2.5000e-01
000265     -26552.144     -41947.418       -251.985     -68751.547 3.5000e-01 1.0000e+02 5.0000e-01 5.0000e-01 1.0000e+00 5.0000e-01 2.5000e-01
000266     -26626.255     -41945.250       -251.985     -68823.490 3.5000e-01 1.0000e+02 5.0000e-01 5.0000e-01 1.0000e+00 5.0000e-01 2.5000e-01
000267     -26741.337     -41993.835       -251.985     -68987.157 3.5000e-01 1.0000e+02 5.0000e-01 5.0000e-01 1.0000e+00 5.0000e-01 2.5000e-01
000268     -26754.534     -41853.268       -251.985     -68859.787 3.5000e-01 1.0000e+02 5.0000e-01 5.0000e-01 1.0000e+00 5.0000e-01 2.5000e-01
000269     -26520.871     -41934.424       -251.985     -68707.280 3.5000e-01 1.0000e+02 5.0000e-01 5.0000e-01 1.0000e+00 5.0000e-01 2.5000e-01
000270     -26570.186     -41942.380       -251.985     -68764.551 3.5000e-01 1.0000e+02 5.0000e-01 5.0000e-01 1.0000e+00 5.0000e-01 2.5000e-01
000271     -26662.569     -41989.188       -251.985     -68903.742 3.5000e-01 1.0000e+02 5.0000e-01 5.0000e-01 1.0000e+00 5.0000e-01 2.5000e-01
000272     -26722.865     -42199.928       -251.985     -69174.778 3.5000e-01 1.0000e+02 5.0000e-01 5.0000e-01 1.0000e+00 5.0000e-01 2.5000e-01
000273     -26672.871     -42227.856       -251.985     -69152.713 3.5000e-01 1.0000e+02 5.0000e-01 5.0000e-01 1.0000e+00 5.0000e-01 2.5000e-01
000274     -26727.832     -42263.679       -251.985     -69243.497 3.5000e-01 1.0000e+02 5.0000e-01 5.0000e-01 1.0000e+00 5.0000e-01 2.5000e-01
000275     -26662.574     -42302.279       -251.985     -69216.838 3.5000e-01 1.0000e+02 5.0000e-01 5.0000e-01 1.0000e+00 5.0000e-01 2.5000e-01
000276     -26476.889     -42099.843       -251.985     -68828.717 3.5000e-01 1.0000e+02 5.0000e-01 5.0000e-01 1.0000e+00 5.0000e-01 2.5000e-01
000277     -26569.105     -42089.790       -251.985     -68910.880 3.5000e-01 1.0000e+02 5.0000e-01 5.0000e-01 1.0000e+00 5.0000e-01 2.5000e-01
000278     -26460.161     -41907.245       -251.985     -68619.391 3.5000e-01 1.0000e+02 5.0000e-01 5.0000e-01 1.0000e+00 5.0000e-01 2.5000e-01
000279     -26447.076     -41856.478       -251.985     -68555.539 3.5000e-01 1.0000e+02 5.0000e-01 5.0000e-01 1.0000e+00 5.0000e-01 2.5000e-01
000280     -26433.443     -41958.238       -251.985     -68643.667 3.5000e-01 1.0000e+02 5.0000e-01 5.0000e-01 1.0000e+00 5.0000e-01 2.5000e-01
000281     -26495.944     -42065.713       -251.985     -68813.642 3.5000e-01 1.0000e+02 5.0000e-01 5.0000e-01 1.0000e+00 5.0000e-01 2.5000e-01
000282     -26577.227     -42092.028       -251.985     -68921.241 3.5000e-01 1.0000e+02 5.0000e-01 5.0000e-01 1.0000e+00 5.0000e-01 2.5000e-01
000283     -26587.649     -41986.462       -251.985     -68826.097 3.5000e-01 1.0000e+02 5.0000e-01 5.0000e-01 1.0000e+00 5.0000e-01 2.5000e-01
000284     -26608.120     -42138.767       -251.985     -68998.873 3.5000e-01 1.0000e+02 5.0000e-01 5.0000e-01 1.0000e+00 5.0000e-01 2.5000e-01
000285     -26556.572     -42001.172       -251.985     -68809.729 3.5000e-01 1.0000e+02 5.0000e-01 5.0000e-01 1.0000e+00 5.0000e-01 2.5000e-01
000286     -26647.228     -42277.712       -251.985     -69176.925 3.5000e-01 1.0000e+02 5.0000e-01 5.0000e-01 1.0000e+00 5.0000e-01 2.5000e-01
000287     -26727.717     -42194.434       -251.985     -69174.137 3.5000e-01 1.0000e+02 5.0000e-01 5.0000e-01 1.0000e+00 5.0000e-01 2.5000e-01
000288     -26702.056     -41912.807       -251.985     -68866.849 3.5000e-01 1.0000e+02 5.0000e-01 5.0000e-01 1.0000e+00 5.0000e-01 2.5000e-01
000289     -26642.287     -41843.504       -251.985     -68737.777 3.5000e-01 1.0000e+02 5.0000e-01 5.0000e-01 1.0000e+00 5.0000e-01 2.5000e-01
000290     -26579.118     -41788.084       -251.985     -68619.187 3.5000e-01 1.0000e+02 5.0000e-01 5.0000e-01 1.0000e+00 5.0000e-01 2.5000e-01
000291     -26640.872     -41691.285       -251.985     -68584.143 3.5000e-01 1.0000e+02 5.0000e-01 5.0000e-01 1.0000e+00 5.0000e-01 2.5000e-01
000292     -26728.357     -41868.149       -251.985     -68848.492 3.5000e-01 1.0000e+02 5.0000e-01 5.0000e-01 1.0000e+00 5.0000e-01 2.5000e-01
000293     -26848.477     -41870.988       -251.985     -68971.451 3.5000e-01 1.0000e+02 5.0000e-01 5.0000e-01 1.0000e+00 5.0000e-01 2.5000e-01
000294     -26822.903     -41870.613       -251.985     -68945.501 3.5000e-01 1.0000e+02 5.0000e-01 5.0000e-01 1.0000e+00 5.0000e-01 2.5000e-01
000295     -26752.468     -41773.998       -251.985     -68778.452 3.5000e-01 1.0000e+02 5.0000e-01 5.0000e-01 1.0000e+00 5.0000e-01 2.5000e-01
000296     -26910.227     -41863.594       -251.985     -69025.806 3.5000e-01 1.0000e+02 5.0000e-01 5.0000e-01 1.0000e+00 5.0000e-01 2.5000e-01
000297     -27039.182     -41886.418       -251.985     -69177.585 3.5000e-01 1.0000e+02 5.0000e-01 5.0000e-01 1.0000e+00 5.0000e-01 2.5000e-01
000298     -26998.039     -41985.490       -251.985     -69235.514 3.5000e-01 1.0000e+02 5.0000e-01 5.0000e-01 1.0000e+00 5.0000e-01 2.5000e-01
000299     -26982.233     -41841.094       -251.985     -69075.312 3.5000e-01 1.0000e+02 5.0000e-01 5.0000e-01 1.0000e+00 5.0000e-01 2.5000e-01
000300     -26938.246     -41873.674       -251.985     -69063.904 3.5000e-01 1.0000e+02 5.0000e-01 5.0000e-01 1.0000e+00 5.0000e-01 2.5000e-01
000301     -26817.322     -41930.701       -251.985     -69000.008 3.5000e-01 1.0000e+02 5.0000e-01 5.0000e-01 1.0000e+00 5.0000e-01 2.5000e-01
000302     -26733.760     -41964.334       -251.985     -68950.080 3.5000e-01 1.0000e+02 5.0000e-01 5.0000e-01 1.0000e+00 5.0000e-01 2.5000e-01
000303     -26578.155     -42031.861       -251.985     -68862.001 3.5000e-01 1.0000e+02 5.0000e-01 5.0000e-01 1.0000e+00 5.0000e-01 2.5000e-01
000304     -26690.254     -42098.544       -251.985     -69040.783 3.5000e-01 1.0000e+02 5.0000e-01 5.0000e-01 1.0000e+00 5.0000e-01 2.5000e-01
000305     -26608.139     -42041.342       -251.985     -68901.466 3.5000e-01 1.0000e+02 5.0000e-01 5.0000e-01 1.0000e+00 5.0000e-01 2.5000e-01
000306     -26693.475     -41949.064       -251.985     -68894.524 3.5000e-01 1.0000e+02 5.0000e-01 5.0000e-01 1.0000e+00 5.0000e-01 2.5000e-01
000307     -26698.399     -41863.213       -251.985     -68813.597 3.5000e-01 1.0000e+02 5.0000e-01 5.0000e-01 1.0000e+00 5.0000e-01 2.5000e-01
000308     -26726.321     -42037.201       -251.985     -69015.507 3.5000e-01 1.0000e+02 5.0000e-01 5.0000e-01 1.0000e+00 5.0000e-01 2.5000e-01
000309     -26762.027     -42175.011       -251.985     -69189.023 3.5000e-01 1.0000e+02 5.0000e-01 5.0000e-01 1.0000e+00 5.0000e-01 2.5000e-01
000310     -26707.200     -42046.524       -251.985     -69005.710 3.5000e-01 1.0000e+02 5.0000e-01 5.0000e-01 1.0000e+00 5.0000e-01 2.5000e-01
000311     -26636.445     -42093.199       -251.985     -68981.629 3.5000e-01 1.0000e+02 5.0000e-01 5.0000e-01 1.0000e+00 5.0000e-01 2.5000e-01
000312     -26653.438     -42041.804       -251.985     -68947.227 3.5000e-01 1.0000e+02 5.0000e-01 5.0000e-01 1.0000e+00 5.0000e-01 2.5000e-01
000313     -26706.776     -41980.670       -251.985     -68939.431 3.5000e-01 1.0000e+02 5.0000e-01 5.0000e-01 1.0000e+00 5.0000e-01 2.5000e-01
000314     -26794.315     -41971.928       -251.985     -69018.229 3.5000e-01 1.0000e+02 5.0000e-01 5.0000e-01 1.0000e+00 5.0000e-01 2.5000e-01
