  iter      gem.score      eta.score    gamma.score    total.score   gem.mean  gem.scale    gamma.0    gamma.1      eta.0      eta.1      eta.2
000001           -nan     -16263.664       -256.222           -nan 1.0000e+00 1.0000e+00 1.0000e+00 1.0000e+00 5.0000e-03 5.0000e-03 5.0000e-03
000002           -nan     -15240.461       -252.821           -nan 1.0000e+00 1.0000e+00 1.0000e+00 1.0000e+00 5.0000e-03 5.0000e-03 5.0000e-03
000003           -nan     -15111.899       -250.256           -nan 1.0000e+00 1.0000e+00 1.0000e+00 1.0000e+00 5.0000e-03 5.0000e-03 5.0000e-03
000004           -nan     -15034.208       -247.394           -nan 1.0000e+00 1.0000e+00 1.0000e+00 1.0000e+00 5.0000e-03 5.0000e-03 5.0000e-03
000005           -nan     -15021.512       -247.394           -nan 1.0000e+00 1.0000e+00 1.0000e+00 1.0000e+00 5.0000e-03 5.0000e-03 5.0000e-03
000006           -nan     -14973.821       -242.481           -nan 1.0000e+00 1.0000e+00 1.0000e+00 1.0000e+00 5.0000e-03 5.0000e-03 5.0000e-03
000007           -nan     -14982.148       -240.284           -nan 1.0000e+00 1.0000e+00 1.0000e+00 1.0000e+00 5.0000e-03 5.0000e-03 5.0000e-03
000008           -nan     -15064.598       -237.339           -nan 1.0000e+00 1.0000e+00 1.0000e+00 1.0000e+00 5.0000e-03 5.0000e-03 5.0000e-03
000009           -nan     -14975.212       -237.339           -nan 1.0000e+00 1.0000e+00 1.0000e+00 1.0000e+00 5.0000e-03 5.0000e-03 5.0000e-03
000010           -nan     -14910.915       -237.339           -nan 1.0000e+00 1.0000e+00 1.0000e+00 1.0000e+00 5.0000e-03 5.0000e-03 5.0000e-03
000011           -nan     -14995.284       -237.339           -nan 1.0000e+00 1.0000e+00 1.0000e+00 1.0000e+00 5.0000e-03 5.0000e-03 5.0000e-03
000012           -nan     -15311.387       -237.339           -nan 1.0000e+00 1.0000e+00 1.0000e+00 1.0000e+00 5.0000e-03 5.0000e-03 5.0000e-03
000013           -nan     -15332.616       -237.339           -nan 1.0000e+00 1.0000e+00 1.0000e+00 1.0000e+00 5.0000e-03 5.0000e-03 5.0000e-03
000014           -nan     -15323.847       -237.339           -nan 1.0000e+00 1.0000e+00 1.0000e+00 1.0000e+00 5.0000e-03 5.0000e-03 5.0000e-03
000015           -nan     -15318.046       -237.339           -nan 1.0000e+00 1.0000e+00 1.0000e+00 1.0000e+00 5.0000e-03 5.0000e-03 5.0000e-03
000016           -nan     -15193.989       -237.339           -nan 1.0000e+00 1.0000e+00 1.0000e+00 1.0000e+00 5.0000e-03 5.0000e-03 5.0000e-03
000017           -nan     -15037.841       -237.339           -nan 1.0000e+00 1.0000e+00 1.0000e+00 1.0000e+00 5.0000e-03 5.0000e-03 5.0000e-03
000018           -nan     -15077.883       -237.339           -nan 1.0000e+00 1.0000e+00 1.0000e+00 1.0000e+00 5.0000e-03 5.0000e-03 5.0000e-03
000019           -nan     -15212.525       -237.339           -nan 1.0000e+00 1.0000e+00 1.0000e+00 1.0000e+00 5.0000e-03 5.0000e-03 5.0000e-03
000020           -nan     -15269.523       -237.339           -nan 1.0000e+00 1.0000e+00 1.0000e+00 1.0000e+00 5.0000e-03 5.0000e-03 5.0000e-03
000021           -nan     -15193.709       -237.339           -nan 1.0000e+00 1.0000e+00 1.0000e+00 1.0000e+00 5.0000e-03 5.0000e-03 5.0000e-03
000022           -nan     -15036.273       -237.339           -nan 1.0000e+00 1.0000e+00 1.0000e+00 1.0000e+00 5.0000e-03 5.0000e-03 5.0000e-03
000023           -nan     -15127.111       -237.339           -nan 1.0000e+00 1.0000e+00 1.0000e+00 1.0000e+00 5.0000e-03 5.0000e-03 5.0000e-03
000024           -nan     -14951.114       -237.339           -nan 1.0000e+00 1.0000e+00 1.0000e+00 1.0000e+00 5.0000e-03 5.0000e-03 5.0000e-03
000025           -nan     -14991.430       -237.339           -nan 1.0000e+00 1.0000e+00 1.0000e+00 1.0000e+00 5.0000e-03 5.0000e-03 5.0000e-03
000026           -nan     -15011.162       -237.339           -nan 1.0000e+00 1.0000e+00 1.0000e+00 1.0000e+00 5.0000e-03 5.0000e-03 5.0000e-03
000027           -nan     -14974.228       -237.339           -nan 1.0000e+00 1.0000e+00 1.0000e+00 1.0000e+00 5.0000e-03 5.0000e-03 5.0000e-03
000028           -nan     -14822.337       -237.339           -nan 1.0000e+00 1.0000e+00 1.0000e+00 1.0000e+00 5.0000e-03 5.0000e-03 5.0000e-03
000029           -nan     -14935.591       -237.339           -nan 1.0000e+00 1.0000e+00 1.0000e+00 1.0000e+00 5.0000e-03 5.0000e-03 5.0000e-03
000030           -nan     -15017.859       -237.339           -nan 1.0000e+00 1.0000e+00 1.0000e+00 1.0000e+00 5.0000e-03 5.0000e-03 5.0000e-03
000031           -nan     -15011.882       -237.339           -nan 1.0000e+00 1.0000e+00 1.0000e+00 1.0000e+00 5.0000e-03 5.0000e-03 5.0000e-03
000032           -nan     -15091.839       -237.339           -nan 1.0000e+00 1.0000e+00 1.0000e+00 1.0000e+00 5.0000e-03 5.0000e-03 5.0000e-03
000033           -nan     -15072.717       -237.339           -nan 1.0000e+00 1.0000e+00 1.0000e+00 1.0000e+00 5.0000e-03 5.0000e-03 5.0000e-03
000034           -nan     -15179.356       -237.339           -nan 1.0000e+00 1.0000e+00 1.0000e+00 1.0000e+00 5.0000e-03 5.0000e-03 5.0000e-03
000035           -nan     -15026.859       -237.339           -nan 1.0000e+00 1.0000e+00 1.0000e+00 1.0000e+00 5.0000e-03 5.0000e-03 5.0000e-03
000036           -nan     -15022.445       -237.339           -nan 1.0000e+00 1.0000e+00 1.0000e+00 1.0000e+00 5.0000e-03 5.0000e-03 5.0000e-03
000037           -nan     -15046.811       -237.339           -nan 1.0000e+00 1.0000e+00 1.0000e+00 1.0000e+00 5.0000e-03 5.0000e-03 5.0000e-03
000038           -nan     -15040.116       -237.339           -nan 1.0000e+00 1.0000e+00 1.0000e+00 1.0000e+00 5.0000e-03 5.0000e-03 5.0000e-03
000039           -nan     -14999.071       -237.339           -nan 1.0000e+00 1.0000e+00 1.0000e+00 1.0000e+00 5.0000e-03 5.0000e-03 5.0000e-03
000040           -nan     -15087.031       -237.339           -nan 1.0000e+00 1.0000e+00 1.0000e+00 1.0000e+00 5.0000e-03 5.0000e-03 5.0000e-03
000041           -nan     -15023.275       -237.339           -nan 1.0000e+00 1.0000e+00 1.0000e+00 1.0000e+00 5.0000e-03 5.0000e-03 5.0000e-03
000042           -nan     -14959.044       -237.339           -nan 1.0000e+00 1.0000e+00 1.0000e+00 1.0000e+00 5.0000e-03 5.0000e-03 5.0000e-03
000043           -nan     -15034.750       -237.339           -nan 1.0000e+00 1.0000e+00 1.0000e+00 1.0000e+00 5.0000e-03 5.0000e-03 5.0000e-03
000044           -nan     -15062.889       -237.339           -nan 1.0000e+00 1.0000e+00 1.0000e+00 1.0000e+00 5.0000e-03 5.0000e-03 5.0000e-03
000045           -nan     -15131.592       -237.339           -nan 1.0000e+00 1.0000e+00 1.0000e+00 1.0000e+00 5.0000e-03 5.0000e-03 5.0000e-03
000046           -nan     -15224.547       -237.339           -nan 1.0000e+00 1.0000e+00 1.0000e+00 1.0000e+00 5.0000e-03 5.0000e-03 5.0000e-03
000047           -nan     -15240.518       -237.339           -nan 1.0000e+00 1.0000e+00 1.0000e+00 1.0000e+00 5.0000e-03 5.0000e-03 5.0000e-03
000048           -nan     -15171.371       -237.339           -nan 1.0000e+00 1.0000e+00 1.0000e+00 1.0000e+00 5.0000e-03 5.0000e-03 5.0000e-03
000049           -nan     -15078.844       -237.339           -nan 1.0000e+00 1.0000e+00 1.0000e+00 1.0000e+00 5.0000e-03 5.0000e-03 5.0000e-03
000050           -nan     -15030.757       -237.339           -nan 1.0000e+00 1.0000e+00 1.0000e+00 1.0000e+00 5.0000e-03 5.0000e-03 5.0000e-03
000051           -nan     -15034.092       -237.339           -nan 1.0000e+00 1.0000e+00 1.0000e+00 1.0000e+00 5.0000e-03 5.0000e-03 5.0000e-03
000052           -nan     -14976.372       -237.339           -nan 1.0000e+00 1.0000e+00 1.0000e+00 1.0000e+00 5.0000e-03 5.0000e-03 5.0000e-03
000053           -nan     -14987.670       -237.339           -nan 1.0000e+00 1.0000e+00 1.0000e+00 1.0000e+00 5.0000e-03 5.0000e-03 5.0000e-03
000054           -nan     -14953.043       -237.339           -nan 1.0000e+00 1.0000e+00 1.0000e+00 1.0000e+00 5.0000e-03 5.0000e-03 5.0000e-03
000055           -nan     -14973.102       -237.339           -nan 1.0000e+00 1.0000e+00 1.0000e+00 1.0000e+00 5.0000e-03 5.0000e-03 5.0000e-03
000056           -nan     -14982.247       -237.339           -nan 1.0000e+00 1.0000e+00 1.0000e+00 1.0000e+00 5.0000e-03 5.0000e-03 5.0000e-03
000057           -nan     -14981.068       -237.339           -nan 1.0000e+00 1.0000e+00 1.0000e+00 1.0000e+00 5.0000e-03 5.0000e-03 5.0000e-03
000058           -nan     -14876.524       -237.339           -nan 1.0000e+00 1.0000e+00 1.0000e+00 1.0000e+00 5.0000e-03 5.0000e-03 5.0000e-03
000059           -nan     -14834.233       -237.339           -nan 1.0000e+00 1.0000e+00 1.0000e+00 1.0000e+00 5.0000e-03 5.0000e-03 5.0000e-03
000060           -nan     -14842.889       -237.339           -nan 1.0000e+00 1.0000e+00 1.0000e+00 1.0000e+00 5.0000e-03 5.0000e-03 5.0000e-03
000061           -nan     -14955.865       -237.339           -nan 1.0000e+00 1.0000e+00 1.0000e+00 1.0000e+00 5.0000e-03 5.0000e-03 5.0000e-03
000062           -nan     -14887.724       -237.339           -nan 1.0000e+00 1.0000e+00 1.0000e+00 1.0000e+00 5.0000e-03 5.0000e-03 5.0000e-03
000063           -nan     -14837.785       -237.339           -nan 1.0000e+00 1.0000e+00 1.0000e+00 1.0000e+00 5.0000e-03 5.0000e-03 5.0000e-03
000064           -nan     -14992.306       -237.339           -nan 1.0000e+00 1.0000e+00 1.0000e+00 1.0000e+00 5.0000e-03 5.0000e-03 5.0000e-03
000065           -nan     -14952.876       -237.339           -nan 1.0000e+00 1.0000e+00 1.0000e+00 1.0000e+00 5.0000e-03 5.0000e-03 5.0000e-03
000066           -nan     -14923.862       -237.339           -nan 1.0000e+00 1.0000e+00 1.0000e+00 1.0000e+00 5.0000e-03 5.0000e-03 5.0000e-03
000067           -nan     -14956.316       -237.339           -nan 1.0000e+00 1.0000e+00 1.0000e+00 1.0000e+00 5.0000e-03 5.0000e-03 5.0000e-03
000068           -nan     -14783.389       -237.339           -nan 1.0000e+00 1.0000e+00 1.0000e+00 1.0000e+00 5.0000e-03 5.0000e-03 5.0000e-03
000069           -nan     -14788.661       -237.339           -nan 1.0000e+00 1.0000e+00 1.0000e+00 1.0000e+00 5.0000e-03 5.0000e-03 5.0000e-03
000070           -nan     -14728.812       -237.339           -nan 1.0000e+00 1.0000e+00 1.0000e+00 1.0000e+00 5.0000e-03 5.0000e-03 5.0000e-03
000071           -nan     -14794.140       -237.339           -nan 1.0000e+00 1.0000e+00 1.0000e+00 1.0000e+00 5.0000e-03 5.0000e-03 5.0000e-03
000072           -nan     -14853.269       -237.339           -nan 1.0000e+00 1.0000e+00 1.0000e+00 1.0000e+00 5.0000e-03 5.0000e-03 5.0000e-03
000073           -nan     -14582.701       -237.339           -nan 1.0000e+00 1.0000e+00 1.0000e+00 1.0000e+00 5.0000e-03 5.0000e-03 5.0000e-03
000074           -nan     -14697.519       -237.339           -nan 1.0000e+00 1.0000e+00 1.0000e+00 1.0000e+00 5.0000e-03 5.0000e-03 5.0000e-03
000075           -nan     -14766.320       -237.339           -nan 1.0000e+00 1.0000e+00 1.0000e+00 1.0000e+00 5.0000e-03 5.0000e-03 5.0000e-03
000076           -nan     -14842.249       -237.339           -nan 1.0000e+00 1.0000e+00 1.0000e+00 1.0000e+00 5.0000e-03 5.0000e-03 5.0000e-03
000077           -nan     -14872.631       -237.339           -nan 1.0000e+00 1.0000e+00 1.0000e+00 1.0000e+00 5.0000e-03 5.0000e-03 5.0000e-03
000078           -nan     -14845.153       -237.339           -nan 1.0000e+00 1.0000e+00 1.0000e+00 1.0000e+00 5.0000e-03 5.0000e-03 5.0000e-03
000079           -nan     -14895.680       -237.339           -nan 1.0000e+00 1.0000e+00 1.0000e+00 1.0000e+00 5.0000e-03 5.0000e-03 5.0000e-03
000080           -nan     -14872.834       -237.339           -nan 1.0000e+00 1.0000e+00 1.0000e+00 1.0000e+00 5.0000e-03 5.0000e-03 5.0000e-03
000081           -nan     -14836.428       -237.339           -nan 1.0000e+00 1.0000e+00 1.0000e+00 1.0000e+00 5.0000e-03 5.0000e-03 5.0000e-03
000082           -nan     -14927.391       -237.339           -nan 1.0000e+00 1.0000e+00 1.0000e+00 1.0000e+00 5.0000e-03 5.0000e-03 5.0000e-03
000083           -nan     -14841.464       -237.339           -nan 1.0000e+00 1.0000e+00 1.0000e+00 1.0000e+00 5.0000e-03 5.0000e-03 5.0000e-03
000084           -nan     -14905.098       -237.339           -nan 1.0000e+00 1.0000e+00 1.0000e+00 1.0000e+00 5.0000e-03 5.0000e-03 5.0000e-03
000085           -nan     -14881.158       -237.339           -nan 1.0000e+00 1.0000e+00 1.0000e+00 1.0000e+00 5.0000e-03 5.0000e-03 5.0000e-03
000086           -nan     -14733.526       -237.339           -nan 1.0000e+00 1.0000e+00 1.0000e+00 1.0000e+00 5.0000e-03 5.0000e-03 5.0000e-03
000087           -nan     -14696.396       -237.339           -nan 1.0000e+00 1.0000e+00 1.0000e+00 1.0000e+00 5.0000e-03 5.0000e-03 5.0000e-03
000088           -nan     -14638.378       -237.339           -nan 1.0000e+00 1.0000e+00 1.0000e+00 1.0000e+00 5.0000e-03 5.0000e-03 5.0000e-03
000089           -nan     -14660.802       -237.339           -nan 1.0000e+00 1.0000e+00 1.0000e+00 1.0000e+00 5.0000e-03 5.0000e-03 5.0000e-03
000090           -nan     -14620.189       -237.339           -nan 1.0000e+00 1.0000e+00 1.0000e+00 1.0000e+00 5.0000e-03 5.0000e-03 5.0000e-03
000091           -nan     -14787.707       -237.339           -nan 1.0000e+00 1.0000e+00 1.0000e+00 1.0000e+00 5.0000e-03 5.0000e-03 5.0000e-03
000092           -nan     -14771.350       -237.339           -nan 1.0000e+00 1.0000e+00 1.0000e+00 1.0000e+00 5.0000e-03 5.0000e-03 5.0000e-03
000093           -nan     -14795.495       -237.339           -nan 1.0000e+00 1.0000e+00 1.0000e+00 1.0000e+00 5.0000e-03 5.0000e-03 5.0000e-03
000094           -nan     -14919.237       -237.339           -nan 1.0000e+00 1.0000e+00 1.0000e+00 1.0000e+00 5.0000e-03 5.0000e-03 5.0000e-03
000095           -nan     -15018.538       -237.339           -nan 1.0000e+00 1.0000e+00 1.0000e+00 1.0000e+00 5.0000e-03 5.0000e-03 5.0000e-03
000096           -nan     -15148.472       -237.339           -nan 1.0000e+00 1.0000e+00 1.0000e+00 1.0000e+00 5.0000e-03 5.0000e-03 5.0000e-03
000097           -nan     -15153.382       -237.339           -nan 1.0000e+00 1.0000e+00 1.0000e+00 1.0000e+00 5.0000e-03 5.0000e-03 5.0000e-03
000098           -nan     -15076.645       -237.339           -nan 1.0000e+00 1.0000e+00 1.0000e+00 1.0000e+00 5.0000e-03 5.0000e-03 5.0000e-03
000099           -nan     -15010.722       -237.339           -nan 1.0000e+00 1.0000e+00 1.0000e+00 1.0000e+00 5.0000e-03 5.0000e-03 5.0000e-03
000100           -nan     -15130.544       -237.339           -nan 1.0000e+00 1.0000e+00 1.0000e+00 1.0000e+00 5.0000e-03 5.0000e-03 5.0000e-03
000101           -nan     -15218.942       -237.339           -nan 1.0000e+00 1.0000e+00 1.0000e+00 1.0000e+00 5.0000e-03 5.0000e-03 5.0000e-03
000102           -nan     -15193.756       -237.339           -nan 1.0000e+00 1.0000e+00 1.0000e+00 1.0000e+00 5.0000e-03 5.0000e-03 5.0000e-03
000103           -nan     -15215.517       -237.339           -nan 1.0000e+00 1.0000e+00 1.0000e+00 1.0000e+00 5.0000e-03 5.0000e-03 5.0000e-03
000104           -nan     -15233.271       -237.339           -nan 1.0000e+00 1.0000e+00 1.0000e+00 1.0000e+00 5.0000e-03 5.0000e-03 5.0000e-03
000105           -nan     -15059.038       -237.339           -nan 1.0000e+00 1.0000e+00 1.0000e+00 1.0000e+00 5.0000e-03 5.0000e-03 5.0000e-03
000106           -nan     -15115.764       -237.339           -nan 1.0000e+00 1.0000e+00 1.0000e+00 1.0000e+00 5.0000e-03 5.0000e-03 5.0000e-03
000107           -nan     -14956.434       -237.339           -nan 1.0000e+00 1.0000e+00 1.0000e+00 1.0000e+00 5.0000e-03 5.0000e-03 5.0000e-03
000108           -nan     -14866.557       -237.339           -nan 1.0000e+00 1.0000e+00 1.0000e+00 1.0000e+00 5.0000e-03 5.0000e-03 5.0000e-03
000109           -nan     -14905.921       -237.339           -nan 1.0000e+00 1.0000e+00 1.0000e+00 1.0000e+00 5.0000e-03 5.0000e-03 5.0000e-03
000110           -nan     -14890.330       -237.339           -nan 1.0000e+00 1.0000e+00 1.0000e+00 1.0000e+00 5.0000e-03 5.0000e-03 5.0000e-03
000111           -nan     -14906.351       -237.339           -nan 1.0000e+00 1.0000e+00 1.0000e+00 1.0000e+00 5.0000e-03 5.0000e-03 5.0000e-03
000112           -nan     -14902.836       -237.339           -nan 1.0000e+00 1.0000e+00 1.0000e+00 1.0000e+00 5.0000e-03 5.0000e-03 5.0000e-03
000113           -nan     -15056.254       -237.339           -nan 1.0000e+00 1.0000e+00 1.0000e+00 1.0000e+00 5.0000e-03 5.0000e-03 5.0000e-03
000114           -nan     -14959.875       -237.339           -nan 1.0000e+00 1.0000e+00 1.0000e+00 1.0000e+00 5.0000e-03 5.0000e-03 5.0000e-03
000115           -nan     -14812.428       -237.339           -nan 1.0000e+00 1.0000e+00 1.0000e+00 1.0000e+00 5.0000e-03 5.0000e-03 5.0000e-03
000116           -nan     -14681.027       -237.339           -nan 1.0000e+00 1.0000e+00 1.0000e+00 1.0000e+00 5.0000e-03 5.0000e-03 5.0000e-03
000117           -nan     -14649.202       -237.339           -nan 1.0000e+00 1.0000e+00 1.0000e+00 1.0000e+00 5.0000e-03 5.0000e-03 5.0000e-03
000118           -nan     -14826.497       -237.339           -nan 1.0000e+00 1.0000e+00 1.0000e+00 1.0000e+00 5.0000e-03 5.0000e-03 5.0000e-03
000119           -nan     -14979.649       -237.339           -nan 1.0000e+00 1.0000e+00 1.0000e+00 1.0000e+00 5.0000e-03 5.0000e-03 5.0000e-03
000120           -nan     -14997.726       -237.339           -nan 1.0000e+00 1.0000e+00 1.0000e+00 1.0000e+00 5.0000e-03 5.0000e-03 5.0000e-03
000121           -nan     -15008.920       -237.339           -nan 1.0000e+00 1.0000e+00 1.0000e+00 1.0000e+00 5.0000e-03 5.0000e-03 5.0000e-03
000122           -nan     -14886.833       -237.339           -nan 1.0000e+00 1.0000e+00 1.0000e+00 1.0000e+00 5.0000e-03 5.0000e-03 5.0000e-03
000123           -nan     -14943.364       -237.339           -nan 1.0000e+00 1.0000e+00 1.0000e+00 1.0000e+00 5.0000e-03 5.0000e-03 5.0000e-03
000124           -nan     -14951.032       -237.339           -nan 1.0000e+00 1.0000e+00 1.0000e+00 1.0000e+00 5.0000e-03 5.0000e-03 5.0000e-03
000125           -nan     -15018.933       -237.339           -nan 1.0000e+00 1.0000e+00 1.0000e+00 1.0000e+00 5.0000e-03 5.0000e-03 5.0000e-03
000126           -nan     -15136.053       -237.339           -nan 1.0000e+00 1.0000e+00 1.0000e+00 1.0000e+00 5.0000e-03 5.0000e-03 5.0000e-03
000127           -nan     -15082.566       -237.339           -nan 1.0000e+00 1.0000e+00 1.0000e+00 1.0000e+00 5.0000e-03 5.0000e-03 5.0000e-03
000128           -nan     -14940.005       -237.339           -nan 1.0000e+00 1.0000e+00 1.0000e+00 1.0000e+00 5.0000e-03 5.0000e-03 5.0000e-03
000129           -nan     -14893.980       -237.339           -nan 1.0000e+00 1.0000e+00 1.0000e+00 1.0000e+00 5.0000e-03 5.0000e-03 5.0000e-03
000130           -nan     -14869.115       -237.339           -nan 1.0000e+00 1.0000e+00 1.0000e+00 1.0000e+00 5.0000e-03 5.0000e-03 5.0000e-03
000131           -nan     -14972.982       -237.339           -nan 1.0000e+00 1.0000e+00 1.0000e+00 1.0000e+00 5.0000e-03 5.0000e-03 5.0000e-03
000132           -nan     -14987.197       -237.339           -nan 1.0000e+00 1.0000e+00 1.0000e+00 1.0000e+00 5.0000e-03 5.0000e-03 5.0000e-03
000133           -nan     -14960.883       -237.339           -nan 1.0000e+00 1.0000e+00 1.0000e+00 1.0000e+00 5.0000e-03 5.0000e-03 5.0000e-03
000134           -nan     -14869.225       -237.339           -nan 1.0000e+00 1.0000e+00 1.0000e+00 1.0000e+00 5.0000e-03 5.0000e-03 5.0000e-03
000135           -nan     -14891.875       -237.339           -nan 1.0000e+00 1.0000e+00 1.0000e+00 1.0000e+00 5.0000e-03 5.0000e-03 5.0000e-03
000136           -nan     -14973.954       -237.339           -nan 1.0000e+00 1.0000e+00 1.0000e+00 1.0000e+00 5.0000e-03 5.0000e-03 5.0000e-03
000137           -nan     -15019.335       -237.339           -nan 1.0000e+00 1.0000e+00 1.0000e+00 1.0000e+00 5.0000e-03 5.0000e-03 5.0000e-03
000138           -nan     -14983.672       -237.339           -nan 1.0000e+00 1.0000e+00 1.0000e+00 1.0000e+00 5.0000e-03 5.0000e-03 5.0000e-03
000139           -nan     -14959.711       -237.339           -nan 1.0000e+00 1.0000e+00 1.0000e+00 1.0000e+00 5.0000e-03 5.0000e-03 5.0000e-03
000140           -nan     -14779.931       -237.339           -nan 1.0000e+00 1.0000e+00 1.0000e+00 1.0000e+00 5.0000e-03 5.0000e-03 5.0000e-03
000141           -nan     -14877.024       -237.339           -nan 1.0000e+00 1.0000e+00 1.0000e+00 1.0000e+00 5.0000e-03 5.0000e-03 5.0000e-03
000142           -nan     -14967.117       -237.339           -nan 1.0000e+00 1.0000e+00 1.0000e+00 1.0000e+00 5.0000e-03 5.0000e-03 5.0000e-03
000143           -nan     -14943.549       -237.339           -nan 1.0000e+00 1.0000e+00 1.0000e+00 1.0000e+00 5.0000e-03 5.0000e-03 5.0000e-03
000144           -nan     -14920.681       -237.339           -nan 1.0000e+00 1.0000e+00 1.0000e+00 1.0000e+00 5.0000e-03 5.0000e-03 5.0000e-03
000145           -nan     -15120.767       -237.339           -nan 1.0000e+00 1.0000e+00 1.0000e+00 1.0000e+00 5.0000e-03 5.0000e-03 5.0000e-03
000146           -nan     -15103.526       -237.339           -nan 1.0000e+00 1.0000e+00 1.0000e+00 1.0000e+00 5.0000e-03 5.0000e-03 5.0000e-03
000147           -nan     -15238.636       -237.339           -nan 1.0000e+00 1.0000e+00 1.0000e+00 1.0000e+00 5.0000e-03 5.0000e-03 5.0000e-03
000148           -nan     -15083.979       -237.339           -nan 1.0000e+00 1.0000e+00 1.0000e+00 1.0000e+00 5.0000e-03 5.0000e-03 5.0000e-03
000149           -nan     -15120.038       -237.339           -nan 1.0000e+00 1.0000e+00 1.0000e+00 1.0000e+00 5.0000e-03 5.0000e-03 5.0000e-03
000150           -nan     -14951.391       -237.339           -nan 1.0000e+00 1.0000e+00 1.0000e+00 1.0000e+00 5.0000e-03 5.0000e-03 5.0000e-03
000151           -nan     -14913.019       -237.339           -nan 1.0000e+00 1.0000e+00 1.0000e+00 1.0000e+00 5.0000e-03 5.0000e-03 5.0000e-03
000152           -nan     -14971.221       -237.339           -nan 1.0000e+00 1.0000e+00 1.0000e+00 1.0000e+00 5.0000e-03 5.0000e-03 5.0000e-03
000153           -nan     -15061.076       -237.339           -nan 1.0000e+00 1.0000e+00 1.0000e+00 1.0000e+00 5.0000e-03 5.0000e-03 5.0000e-03
000154           -nan     -14915.897       -237.339           -nan 1.0000e+00 1.0000e+00 1.0000e+00 1.0000e+00 5.0000e-03 5.0000e-03 5.0000e-03
000155           -nan     -14868.821       -237.339           -nan 1.0000e+00 1.0000e+00 1.0000e+00 1.0000e+00 5.0000e-03 5.0000e-03 5.0000e-03
000156           -nan     -15087.745       -237.339           -nan 1.0000e+00 1.0000e+00 1.0000e+00 1.0000e+00 5.0000e-03 5.0000e-03 5.0000e-03
000157           -nan     -14997.999       -237.339           -nan 1.0000e+00 1.0000e+00 1.0000e+00 1.0000e+00 5.0000e-03 5.0000e-03 5.0000e-03
000158           -nan     -15032.193       -237.339           -nan 1.0000e+00 1.0000e+00 1.0000e+00 1.0000e+00 5.0000e-03 5.0000e-03 5.0000e-03
000159           -nan     -15027.673       -237.339           -nan 1.0000e+00 1.0000e+00 1.0000e+00 1.0000e+00 5.0000e-03 5.0000e-03 5.0000e-03
000160           -nan     -14872.238       -237.339           -nan 1.0000e+00 1.0000e+00 1.0000e+00 1.0000e+00 5.0000e-03 5.0000e-03 5.0000e-03
000161           -nan     -14876.622       -237.339           -nan 1.0000e+00 1.0000e+00 1.0000e+00 1.0000e+00 5.0000e-03 5.0000e-03 5.0000e-03
000162           -nan     -14830.644       -237.339           -nan 1.0000e+00 1.0000e+00 1.0000e+00 1.0000e+00 5.0000e-03 5.0000e-03 5.0000e-03
000163           -nan     -15013.504       -237.339           -nan 1.0000e+00 1.0000e+00 1.0000e+00 1.0000e+00 5.0000e-03 5.0000e-03 5.0000e-03
000164           -nan     -14997.996       -237.339           -nan 1.0000e+00 1.0000e+00 1.0000e+00 1.0000e+00 5.0000e-03 5.0000e-03 5.0000e-03
000165           -nan     -15047.161       -237.339           -nan 1.0000e+00 1.0000e+00 1.0000e+00 1.0000e+00 5.0000e-03 5.0000e-03 5.0000e-03
000166           -nan     -14989.397       -237.339           -nan 1.0000e+00 1.0000e+00 1.0000e+00 1.0000e+00 5.0000e-03 5.0000e-03 5.0000e-03
000167           -nan     -14837.318       -237.339           -nan 1.0000e+00 1.0000e+00 1.0000e+00 1.0000e+00 5.0000e-03 5.0000e-03 5.0000e-03
000168           -nan     -14865.973       -237.339           -nan 1.0000e+00 1.0000e+00 1.0000e+00 1.0000e+00 5.0000e-03 5.0000e-03 5.0000e-03
000169           -nan     -14978.411       -237.339           -nan 1.0000e+00 1.0000e+00 1.0000e+00 1.0000e+00 5.0000e-03 5.0000e-03 5.0000e-03
000170           -nan     -14924.965       -237.339           -nan 1.0000e+00 1.0000e+00 1.0000e+00 1.0000e+00 5.0000e-03 5.0000e-03 5.0000e-03
000171           -nan     -15067.367       -237.339           -nan 1.0000e+00 1.0000e+00 1.0000e+00 1.0000e+00 5.0000e-03 5.0000e-03 5.0000e-03
000172           -nan     -14945.585       -237.339           -nan 1.0000e+00 1.0000e+00 1.0000e+00 1.0000e+00 5.0000e-03 5.0000e-03 5.0000e-03
000173           -nan     -14922.980       -237.339           -nan 1.0000e+00 1.0000e+00 1.0000e+00 1.0000e+00 5.0000e-03 5.0000e-03 5.0000e-03
000174           -nan     -15099.063       -237.339           -nan 1.0000e+00 1.0000e+00 1.0000e+00 1.0000e+00 5.0000e-03 5.0000e-03 5.0000e-03
000175           -nan     -15139.923       -237.339           -nan 1.0000e+00 1.0000e+00 1.0000e+00 1.0000e+00 5.0000e-03 5.0000e-03 5.0000e-03
000176           -nan     -15225.803       -237.339           -nan 1.0000e+00 1.0000e+00 1.0000e+00 1.0000e+00 5.0000e-03 5.0000e-03 5.0000e-03
000177           -nan     -15074.091       -237.339           -nan 1.0000e+00 1.0000e+00 1.0000e+00 1.0000e+00 5.0000e-03 5.0000e-03 5.0000e-03
000178           -nan     -15090.076       -237.339           -nan 1.0000e+00 1.0000e+00 1.0000e+00 1.0000e+00 5.0000e-03 5.0000e-03 5.0000e-03
000179           -nan     -15037.465       -237.339           -nan 1.0000e+00 1.0000e+00 1.0000e+00 1.0000e+00 5.0000e-03 5.0000e-03 5.0000e-03
000180           -nan     -15082.307       -237.339           -nan 1.0000e+00 1.0000e+00 1.0000e+00 1.0000e+00 5.0000e-03 5.0000e-03 5.0000e-03
000181           -nan     -15223.472       -237.339           -nan 1.0000e+00 1.0000e+00 1.0000e+00 1.0000e+00 5.0000e-03 5.0000e-03 5.0000e-03
000182           -nan     -15322.647       -237.339           -nan 1.0000e+00 1.0000e+00 1.0000e+00 1.0000e+00 5.0000e-03 5.0000e-03 5.0000e-03
000183           -nan     -15155.935       -237.339           -nan 1.0000e+00 1.0000e+00 1.0000e+00 1.0000e+00 5.0000e-03 5.0000e-03 5.0000e-03
000184           -nan     -15235.577       -237.339           -nan 1.0000e+00 1.0000e+00 1.0000e+00 1.0000e+00 5.0000e-03 5.0000e-03 5.0000e-03
000185           -nan     -15165.140       -237.339           -nan 1.0000e+00 1.0000e+00 1.0000e+00 1.0000e+00 5.0000e-03 5.0000e-03 5.0000e-03
000186           -nan     -15115.718       -237.339           -nan 1.0000e+00 1.0000e+00 1.0000e+00 1.0000e+00 5.0000e-03 5.0000e-03 5.0000e-03
000187           -nan     -15142.016       -237.339           -nan 1.0000e+00 1.0000e+00 1.0000e+00 1.0000e+00 5.0000e-03 5.0000e-03 5.0000e-03
000188           -nan     -15146.584       -237.339           -nan 1.0000e+00 1.0000e+00 1.0000e+00 1.0000e+00 5.0000e-03 5.0000e-03 5.0000e-03
000189           -nan     -15156.247       -237.339           -nan 1.0000e+00 1.0000e+00 1.0000e+00 1.0000e+00 5.0000e-03 5.0000e-03 5.0000e-03
000190           -nan     -15096.879       -237.339           -nan 1.0000e+00 1.0000e+00 1.0000e+00 1.0000e+00 5.0000e-03 5.0000e-03 5.0000e-03
000191           -nan     -15124.026       -237.339           -nan 1.0000e+00 1.0000e+00 1.0000e+00 1.0000e+00 5.0000e-03 5.0000e-03 5.0000e-03
000192           -nan     -14986.449       -237.339           -nan 1.0000e+00 1.0000e+00 1.0000e+00 1.0000e+00 5.0000e-03 5.0000e-03 5.0000e-03
000193           -nan     -15038.699       -237.339           -nan 1.0000e+00 1.0000e+00 1.0000e+00 1.0000e+00 5.0000e-03 5.0000e-03 5.0000e-03
000194           -nan     -14951.109       -237.339           -nan 1.0000e+00 1.0000e+00 1.0000e+00 1.0000e+00 5.0000e-03 5.0000e-03 5.0000e-03
000195           -nan     -14932.235       -237.339           -nan 1.0000e+00 1.0000e+00 1.0000e+00 1.0000e+00 5.0000e-03 5.0000e-03 5.0000e-03
000196           -nan     -14772.758       -237.339           -nan 1.0000e+00 1.0000e+00 1.0000e+00 1.0000e+00 5.0000e-03 5.0000e-03 5.0000e-03
000197           -nan     -14792.192       -237.339           -nan 1.0000e+00 1.0000e+00 1.0000e+00 1.0000e+00 5.0000e-03 5.0000e-03 5.0000e-03
000198           -nan     -14696.728       -237.339           -nan 1.0000e+00 1.0000e+00 1.0000e+00 1.0000e+00 5.0000e-03 5.0000e-03 5.0000e-03
000199           -nan     -14734.214       -237.339           -nan 1.0000e+00 1.0000e+00 1.0000e+00 1.0000e+00 5.0000e-03 5.0000e-03 5.0000e-03
000200           -nan     -14813.818       -237.339           -nan 1.0000e+00 1.0000e+00 1.0000e+00 1.0000e+00 5.0000e-03 5.0000e-03 5.0000e-03
000201           -nan     -14753.510       -237.339           -nan 1.0000e+00 1.0000e+00 1.0000e+00 1.0000e+00 5.0000e-03 5.0000e-03 5.0000e-03
000202           -nan     -14582.252       -237.339           -nan 1.0000e+00 1.0000e+00 1.0000e+00 1.0000e+00 5.0000e-03 5.0000e-03 5.0000e-03
000203           -nan     -14552.434       -237.339           -nan 1.0000e+00 1.0000e+00 1.0000e+00 1.0000e+00 5.0000e-03 5.0000e-03 5.0000e-03
000204           -nan     -14510.345       -237.339           -nan 1.0000e+00 1.0000e+00 1.0000e+00 1.0000e+00 5.0000e-03 5.0000e-03 5.0000e-03
000205           -nan     -14607.588       -237.339           -nan 1.0000e+00 1.0000e+00 1.0000e+00 1.0000e+00 5.0000e-03 5.0000e-03 5.0000e-03
000206           -nan     -14601.791       -237.339           -nan 1.0000e+00 1.0000e+00 1.0000e+00 1.0000e+00 5.0000e-03 5.0000e-03 5.0000e-03
